Using pre-set license
Built from '2021.3/staging' branch; Version is '2021.3.15f1 (e8e88683f834) revision 15263878'; Using compiler version '192829333'; Build Type 'Release'
OS: 'Windows 11  (10.0.22621) 64bit Professional' Language: 'uk' Physical Memory: 16307 MB
BatchMode: 1, IsHumanControllingUs: 0, StartBugReporterOnCrash: 0, Is64bit: 1, IsPro: 1

COMMAND LINE ARGUMENTS:
C:\Program Files\Unity\Hub\Editor\2021.3.15f1\Editor\Unity.exe
-adb2
-batchMode
-noUpm
-name
AssetImportWorker5
-projectPath
C:/Users/maksi/Game/Psyco
-logFile
Logs/AssetImportWorker5.log
-srvPort
55052
Successfully changed project path to: C:/Users/maksi/Game/Psyco
C:/Users/maksi/Game/Psyco
[UnityMemory] Configuration Parameters - Can be set up in boot.config
    "memorysetup-bucket-allocator-granularity=16"
    "memorysetup-bucket-allocator-bucket-count=8"
    "memorysetup-bucket-allocator-block-size=33554432"
    "memorysetup-bucket-allocator-block-count=8"
    "memorysetup-main-allocator-block-size=16777216"
    "memorysetup-thread-allocator-block-size=16777216"
    "memorysetup-gfx-main-allocator-block-size=16777216"
    "memorysetup-gfx-thread-allocator-block-size=16777216"
    "memorysetup-cache-allocator-block-size=4194304"
    "memorysetup-typetree-allocator-block-size=2097152"
    "memorysetup-profiler-bucket-allocator-granularity=16"
    "memorysetup-profiler-bucket-allocator-bucket-count=8"
    "memorysetup-profiler-bucket-allocator-block-size=33554432"
    "memorysetup-profiler-bucket-allocator-block-count=8"
    "memorysetup-profiler-allocator-block-size=16777216"
    "memorysetup-profiler-editor-allocator-block-size=1048576"
    "memorysetup-temp-allocator-size-main=16777216"
    "memorysetup-job-temp-allocator-block-size=2097152"
    "memorysetup-job-temp-allocator-block-size-background=1048576"
    "memorysetup-job-temp-allocator-reduction-small-platforms=262144"
    "memorysetup-temp-allocator-size-background-worker=32768"
    "memorysetup-temp-allocator-size-job-worker=262144"
    "memorysetup-temp-allocator-size-preload-manager=33554432"
    "memorysetup-temp-allocator-size-nav-mesh-worker=65536"
    "memorysetup-temp-allocator-size-audio-worker=65536"
    "memorysetup-temp-allocator-size-cloud-worker=32768"
    "memorysetup-temp-allocator-size-gi-baking-worker=262144"
    "memorysetup-temp-allocator-size-gfx=262144"
Player connection [18588] Host "[IP] 25.69.118.164 [Port] 0 [Flags] 2 [Guid] 3267382177 [EditorId] 3267382177 [Version] 1048832 [Id] WindowsEditor(7,Home) [Debug] 1 [PackageName] WindowsEditor [ProjectName] Editor" joined multi-casting on [225.0.0.222:54997]...

Player connection [18588] Host "[IP] 25.69.118.164 [Port] 0 [Flags] 2 [Guid] 3267382177 [EditorId] 3267382177 [Version] 1048832 [Id] WindowsEditor(7,Home) [Debug] 1 [PackageName] WindowsEditor [ProjectName] Editor" joined alternative multi-casting on [225.0.0.222:34997]...

Refreshing native plugins compatible for Editor in 180.25 ms, found 4 plugins.
Preloading 0 native plugins for Editor in 0.00 ms.
Initialize engine version: 2021.3.15f1 (e8e88683f834)
[Subsystems] Discovering subsystems at path C:/Program Files/Unity/Hub/Editor/2021.3.15f1/Editor/Data/Resources/UnitySubsystems
[Subsystems] Discovering subsystems at path C:/Users/maksi/Game/Psyco/Assets
GfxDevice: creating device client; threaded=0; jobified=0
Direct3D:
    Version:  Direct3D 11.0 [level 11.1]
    Renderer: NVIDIA GeForce GTX 1060 6GB (ID=0x1c03)
    Vendor:   NVIDIA
    VRAM:     6043 MB
    Driver:   31.0.15.2737
Invalid texture used for cursor - check importer settings or texture creation. Texture must be RGBA32, readable, have alphaIsTransparency enabled and have no mip chain.
Initialize mono
Mono path[0] = 'C:/Program Files/Unity/Hub/Editor/2021.3.15f1/Editor/Data/Managed'
Mono path[1] = 'C:/Program Files/Unity/Hub/Editor/2021.3.15f1/Editor/Data/MonoBleedingEdge/lib/mono/unityjit-win32'
Mono config path = 'C:/Program Files/Unity/Hub/Editor/2021.3.15f1/Editor/Data/MonoBleedingEdge/etc'
Using monoOptions --debugger-agent=transport=dt_socket,embedding=1,server=y,suspend=n,address=127.0.0.1:56100
Begin MonoManager ReloadAssembly
Registering precompiled unity dll's ...
Register platform support module: C:/Program Files/Unity/Hub/Editor/2021.3.15f1/Editor/Data/PlaybackEngines/WebGLSupport/UnityEditor.WebGL.Extensions.dll
Register platform support module: C:/Program Files/Unity/Hub/Editor/2021.3.15f1/Editor/Data/PlaybackEngines/WindowsStandaloneSupport/UnityEditor.WindowsStandalone.Extensions.dll
Registered in 0.007273 seconds.
Native extension for WindowsStandalone target not found
Native extension for WebGL target not found
Refreshing native plugins compatible for Editor in 185.27 ms, found 4 plugins.
Preloading 0 native plugins for Editor in 0.00 ms.
Mono: successfully reloaded assembly
- Completed reload, in  0.984 seconds
Domain Reload Profiling:
	ReloadAssembly (985ms)
		BeginReloadAssembly (112ms)
			ExecutionOrderSort (0ms)
			DisableScriptedObjects (0ms)
			BackupInstance (0ms)
			ReleaseScriptingObjects (0ms)
			CreateAndSetChildDomain (2ms)
		EndReloadAssembly (723ms)
			LoadAssemblies (108ms)
			RebuildTransferFunctionScriptingTraits (0ms)
			SetupTypeCache (172ms)
			ReleaseScriptCaches (0ms)
			RebuildScriptCaches (42ms)
			SetupLoadedEditorAssemblies (433ms)
				LogAssemblyErrors (0ms)
				InitializePlatformSupportModulesInManaged (12ms)
				SetLoadedEditorAssemblies (0ms)
				RefreshPlugins (185ms)
				BeforeProcessingInitializeOnLoad (2ms)
				ProcessInitializeOnLoadAttributes (176ms)
				ProcessInitializeOnLoadMethodAttributes (58ms)
				AfterProcessingInitializeOnLoad (0ms)
				EditorAssembliesLoaded (0ms)
			ExecutionOrderSort2 (0ms)
			AwakeInstancesAfterBackupRestoration (0ms)
Platform modules already initialized, skipping
Registering precompiled user dll's ...
Registered in 0.010012 seconds.
Begin MonoManager ReloadAssembly
Symbol file LoadedFromMemory doesn't match image C:\Users\maksi\Game\Psyco\Library\PackageCache\com.unity.visualscripting@1.7.8\Editor\VisualScripting.Core\Dependencies\YamlDotNet\Unity.VisualScripting.YamlDotNet.dll
Symbol file LoadedFromMemory doesn't match image C:\Users\maksi\Game\Psyco\Library\PackageCache\com.unity.visualscripting@1.7.8\Editor\VisualScripting.Core\Dependencies\DotNetZip\Unity.VisualScripting.IonicZip.dll
Native extension for WindowsStandalone target not found
Native extension for WebGL target not found
Refreshing native plugins compatible for Editor in 159.75 ms, found 4 plugins.
Preloading 0 native plugins for Editor in 0.00 ms.
System.Exception: Error! Visual Scripting: couldn't find visual scripting package
  at Unity.VisualScripting.PackageVersionUtility.get_version () [0x00043] in C:\Users\maksi\Game\Psyco\Library\PackageCache\com.unity.visualscripting@1.7.8\Editor\VisualScripting.Core\Utilities\PackageVersionUtility.cs:31 
  at Unity.VisualScripting.BoltCoreManifest.get_version () [0x00000] in C:\Users\maksi\Game\Psyco\Library\PackageCache\com.unity.visualscripting@1.7.8\Editor\VisualScripting.Core\Plugin\BoltCoreManifest.cs:11 
  at Unity.VisualScripting.PluginManifest.get_currentVersion () [0x00000] in C:\Users\maksi\Game\Psyco\Library\PackageCache\com.unity.visualscripting@1.7.8\Editor\VisualScripting.Core\Plugins\PluginManifest.cs:33 
  at Unity.VisualScripting.PluginManifest.get_versionMismatch () [0x00000] in C:\Users\maksi\Game\Psyco\Library\PackageCache\com.unity.visualscripting@1.7.8\Editor\VisualScripting.Core\Plugins\PluginManifest.cs:48 
  at Unity.VisualScripting.PluginContainer.Initialize () [0x00525] in C:\Users\maksi\Game\Psyco\Library\PackageCache\com.unity.visualscripting@1.7.8\Editor\VisualScripting.Core\Plugins\PluginContainer.cs:208 
  at Unity.VisualScripting.PluginContainer.InitializeOnLoad () [0x00009] in C:\Users\maksi\Game\Psyco\Library\PackageCache\com.unity.visualscripting@1.7.8\Editor\VisualScripting.Core\Plugins\PluginContainer.cs:32 
  at Unity.VisualScripting.VSUsageUtility.DoInitializeOnLoadCalls () [0x00034] in C:\Users\maksi\Game\Psyco\Library\PackageCache\com.unity.visualscripting@1.7.8\Editor\VisualScripting.Core\Utilities\VSUsageUtility.cs:76 
  at Unity.VisualScripting.VSUsageUtility.set_isVisualScriptingUsed (System.Boolean value) [0x0002c] in C:\Users\maksi\Game\Psyco\Library\PackageCache\com.unity.visualscripting@1.7.8\Editor\VisualScripting.Core\Utilities\VSUsageUtility.cs:114 
  at Unity.VisualScripting.VSUsageUtility.CheckAndSetIsVisualScriptingUsed () [0x00032] in C:\Users\maksi\Game\Psyco\Library\PackageCache\com.unity.visualscripting@1.7.8\Editor\VisualScripting.Core\Utilities\VSUsageUtility.cs:48 
  at Unity.VisualScripting.VSUsageUtility..cctor () [0x00000] in C:\Users\maksi\Game\Psyco\Library\PackageCache\com.unity.visualscripting@1.7.8\Editor\VisualScripting.Core\Utilities\VSUsageUtility.cs:22 
UnityEngine.StackTraceUtility:ExtractStackTrace ()
UnityEngine.DebugLogHandler:LogFormat (UnityEngine.LogType,UnityEngine.Object,string,object[])
UnityEngine.Logger:Log (UnityEngine.LogType,object)
UnityEngine.Debug:LogError (object)
UnityEditor.EditorAssemblies:ProcessInitializeOnLoadAttributes (System.Type[])

Mono: successfully reloaded assembly
- Completed reload, in  2.206 seconds
Domain Reload Profiling:
	ReloadAssembly (2207ms)
		BeginReloadAssembly (122ms)
			ExecutionOrderSort (0ms)
			DisableScriptedObjects (7ms)
			BackupInstance (0ms)
			ReleaseScriptingObjects (0ms)
			CreateAndSetChildDomain (20ms)
		EndReloadAssembly (1968ms)
			LoadAssemblies (116ms)
			RebuildTransferFunctionScriptingTraits (0ms)
			SetupTypeCache (354ms)
			ReleaseScriptCaches (1ms)
			RebuildScriptCaches (117ms)
			SetupLoadedEditorAssemblies (1325ms)
				LogAssemblyErrors (0ms)
				InitializePlatformSupportModulesInManaged (14ms)
				SetLoadedEditorAssemblies (0ms)
				RefreshPlugins (160ms)
				BeforeProcessingInitializeOnLoad (155ms)
				ProcessInitializeOnLoadAttributes (875ms)
				ProcessInitializeOnLoadMethodAttributes (111ms)
				AfterProcessingInitializeOnLoad (9ms)
				EditorAssembliesLoaded (0ms)
			ExecutionOrderSort2 (0ms)
			AwakeInstancesAfterBackupRestoration (5ms)
Platform modules already initialized, skipping
========================================================================
Worker process is ready to serve import requests
Launched and connected shader compiler UnityShaderCompiler.exe after 0.06 seconds
Refreshing native plugins compatible for Editor in 2.56 ms, found 4 plugins.
Preloading 0 native plugins for Editor in 0.00 ms.
Unloading 6719 Unused Serialized files (Serialized files now loaded: 0)
Unloading 67 unused Assets / (2.7 MB). Loaded Objects now: 7191.
Memory consumption went from 356.9 MB to 354.3 MB.
Total: 28.474200 ms (FindLiveObjects: 0.925300 ms CreateObjectMapping: 0.504500 ms MarkObjects: 25.757800 ms  DeleteObjects: 1.284500 ms)

AssetImportParameters requested are different than current active one (requested -> active):
  custom:video-decoder-ogg-theora: a1e56fd34408186e4bbccfd4996cb3dc -> 
  custom:container-muxer-webm: aa71ff27fc2769a1b78a27578f13a17b -> 
  custom:container-demuxer-webm: 4f35f7cbe854078d1ac9338744f61a02 -> 
  custom:video-encoder-webm-vp8: eb34c28f22e8b96e1ab97ce403110664 -> 
  custom:audio-encoder-webm-vorbis: bf7c407c2cedff20999df2af8eb42d56 -> 
  custom:framework-win-MediaFoundation: 216162199b28c13a410421893ffa2e32 -> 
  custom:container-demuxer-ogg: 62fdf1f143b41e24485cea50d1cbac27 -> 
  custom:video-decoder-webm-vp8: 9c59270c3fd7afecdb556c50c9e8de78 -> 
  custom:audio-decoder-ogg-vorbis: bf7c407c2cedff20999df2af8eb42d56 -> 
========================================================================
Received Import Request.
  Time since last request: 915814.999619 seconds.
  path: Assets/TextMesh Pro/Resources/Fonts & Materials/LiberationSans SDF - Outline.mat
  artifactKey: Guid(79459efec17a4d00a321bdcc27bbc385) Importer(815301076,1909f56bfc062723c751e8b465ee728b)
Start importing Assets/TextMesh Pro/Resources/Fonts & Materials/LiberationSans SDF - Outline.mat using Guid(79459efec17a4d00a321bdcc27bbc385) Importer(815301076,1909f56bfc062723c751e8b465ee728b)  -> (artifact id: '76717b284bed9cdee861925de3727c55') in 0.333570 seconds 
========================================================================
Received Import Request.
  Time since last request: 531.159060 seconds.
  path: Assets/Samples/Universal RP/12.1.8/URP Package Samples/SharedAssets/Settings/SamplesForwardRenderer.asset
  artifactKey: Guid(73aaea17d5ba84b43bb1279840f57989) Importer(815301076,1909f56bfc062723c751e8b465ee728b)
Start importing Assets/Samples/Universal RP/12.1.8/URP Package Samples/SharedAssets/Settings/SamplesForwardRenderer.asset using Guid(73aaea17d5ba84b43bb1279840f57989) Importer(815301076,1909f56bfc062723c751e8b465ee728b)  -> (artifact id: '5fc82754031e4a213e2ad79dcfa738f7') in 0.012647 seconds 
========================================================================
Received Import Request.
  Time since last request: 967.795747 seconds.
  path: Assets/URP_GameLight_Renderer.asset
  artifactKey: Guid(1ceee1d95b1720b41b47f1416c5456ac) Importer(815301076,1909f56bfc062723c751e8b465ee728b)
Start importing Assets/URP_GameLight_Renderer.asset using Guid(1ceee1d95b1720b41b47f1416c5456ac) Importer(815301076,1909f56bfc062723c751e8b465ee728b)  -> (artifact id: '4a59e7697b12a948d86d9efa83da4cbc') in 0.013341 seconds 
========================================================================
Received Prepare
Switching render pipeline 9b9c0b62deeea4218843a7ad59325649 -> c6ce803cda8957c48b5cc02d1bc8b0bf
Refreshing native plugins compatible for Editor in 9.22 ms, found 4 plugins.
Preloading 0 native plugins for Editor in 0.00 ms.
Unloading 44 Unused Serialized files (Serialized files now loaded: 0)
Unloading 44 unused Assets / (2.7 MB). Loaded Objects now: 7316.
Memory consumption went from 218.0 MB to 215.4 MB.
Total: 25.352200 ms (FindLiveObjects: 0.774500 ms CreateObjectMapping: 0.422800 ms MarkObjects: 22.763700 ms  DeleteObjects: 1.389600 ms)

AssetImportParameters requested are different than current active one (requested -> active):
  custom:video-decoder-ogg-theora: a1e56fd34408186e4bbccfd4996cb3dc -> 
  custom:container-muxer-webm: aa71ff27fc2769a1b78a27578f13a17b -> 
  custom:container-demuxer-webm: 4f35f7cbe854078d1ac9338744f61a02 -> 
  custom:srp/default-shader: 0000e00a000e0de00000e000e02d0000 -> 0000e00a000e0de00000e000e0000000
  custom:video-encoder-webm-vp8: eb34c28f22e8b96e1ab97ce403110664 -> 
  custom:audio-encoder-webm-vorbis: bf7c407c2cedff20999df2af8eb42d56 -> 
  custom:framework-win-MediaFoundation: 216162199b28c13a410421893ffa2e32 -> 
  custom:container-demuxer-ogg: 62fdf1f143b41e24485cea50d1cbac27 -> 
  custom:video-decoder-webm-vp8: 9c59270c3fd7afecdb556c50c9e8de78 -> 
  custom:audio-decoder-ogg-vorbis: bf7c407c2cedff20999df2af8eb42d56 -> 
  custom:srp/default-pipeline: 6cec08c3ad98754cb8c50cd2b18c0bfb -> b9c9b026edee4a1288347ada95236594
========================================================================
Received Import Request.
  Time since last request: 280.417835 seconds.
  path: Assets/Samples/Universal RP/12.1.8/URP Package Samples/SharedAssets/Settings/Global Volume Profile.asset
  artifactKey: Guid(ff8527d309d1d49598d1b259a43975d2) Importer(815301076,1909f56bfc062723c751e8b465ee728b)
Start importing Assets/Samples/Universal RP/12.1.8/URP Package Samples/SharedAssets/Settings/Global Volume Profile.asset using Guid(ff8527d309d1d49598d1b259a43975d2) Importer(815301076,1909f56bfc062723c751e8b465ee728b)  -> (artifact id: 'a943b2e869bf714d204bb39982c20c30') in 0.021185 seconds 
========================================================================
Received Import Request.
  Time since last request: 323.147851 seconds.
  path: Assets/Samples/Universal RP/12.1.8/URP Package Samples/Shaders/Lit/Materials/WithNormalMap.mat
  artifactKey: Guid(ba4db6da9324f499ab79a4b3c8e476d1) Importer(815301076,1909f56bfc062723c751e8b465ee728b)
Start importing Assets/Samples/Universal RP/12.1.8/URP Package Samples/Shaders/Lit/Materials/WithNormalMap.mat using Guid(ba4db6da9324f499ab79a4b3c8e476d1) Importer(815301076,1909f56bfc062723c751e8b465ee728b)  -> (artifact id: '3881005907d5106b9f720e4458e18f25') in 0.068962 seconds 
========================================================================
Received Import Request.
  Time since last request: 0.000031 seconds.
  path: Assets/Samples/Universal RP/12.1.8/URP Package Samples/Shaders/Lit/Materials/WithOcclusion.mat
  artifactKey: Guid(615945db2db8246c39b806c45ece2fa7) Importer(815301076,1909f56bfc062723c751e8b465ee728b)
Start importing Assets/Samples/Universal RP/12.1.8/URP Package Samples/Shaders/Lit/Materials/WithOcclusion.mat using Guid(615945db2db8246c39b806c45ece2fa7) Importer(815301076,1909f56bfc062723c751e8b465ee728b)  -> (artifact id: '6dcebc16fd37679850900e306df7b6ad') in 0.064009 seconds 
========================================================================
Received Import Request.
  Time since last request: 0.000036 seconds.
  path: Assets/Samples/Universal RP/12.1.8/URP Package Samples/SharedAssets/Materials/Yellow.mat
  artifactKey: Guid(df6219926368041ac926da7e3dbc92c7) Importer(815301076,1909f56bfc062723c751e8b465ee728b)
Start importing Assets/Samples/Universal RP/12.1.8/URP Package Samples/SharedAssets/Materials/Yellow.mat using Guid(df6219926368041ac926da7e3dbc92c7) Importer(815301076,1909f56bfc062723c751e8b465ee728b)  -> (artifact id: 'ea8a46d918cc9dda5ec43774e24a5416') in 0.029432 seconds 
========================================================================
Received Import Request.
  Time since last request: 2.280748 seconds.
  path: Assets/Scenes/Enemy/VFX/PulsVFX.vfx
  artifactKey: Guid(e48c2632b1ae7c94fb2362b43bcf226e) Importer(815301076,1909f56bfc062723c751e8b465ee728b)
Start importing Assets/Scenes/Enemy/VFX/PulsVFX.vfx using Guid(e48c2632b1ae7c94fb2362b43bcf226e) Importer(815301076,1909f56bfc062723c751e8b465ee728b)  -> (artifact id: '3d41312eeb63f722df2f0afd72f6e229') in 0.021608 seconds 
========================================================================
Received Import Request.
  Time since last request: 3.744250 seconds.
  path: Assets/AstarPathfindingProject/ExampleScenes/Materials/AI.mat
  artifactKey: Guid(db55ebdb9473a4a80a0037f64aafccce) Importer(815301076,1909f56bfc062723c751e8b465ee728b)
Start importing Assets/AstarPathfindingProject/ExampleScenes/Materials/AI.mat using Guid(db55ebdb9473a4a80a0037f64aafccce) Importer(815301076,1909f56bfc062723c751e8b465ee728b)  -> (artifact id: '805250ce88062e58af2a0d328fd865cb') in 0.022327 seconds 
========================================================================
Received Import Request.
  Time since last request: 0.000027 seconds.
  path: Assets/TextMesh Pro/Fonts/Adigiana_Extreme.ttf
  artifactKey: Guid(d854a96773190f345a3f19ad5a868a31) Importer(815301076,1909f56bfc062723c751e8b465ee728b)
Start importing Assets/TextMesh Pro/Fonts/Adigiana_Extreme.ttf using Guid(d854a96773190f345a3f19ad5a868a31) Importer(815301076,1909f56bfc062723c751e8b465ee728b)  -> (artifact id: 'a6e60f01f9e99e2f3e7dff3257538fb8') in 0.076455 seconds 
========================================================================
Received Import Request.
  Time since last request: 0.000031 seconds.
  path: Assets/TextMesh Pro/Resources/Fonts & Materials/Adigiana_Extreme (1).ttf
  artifactKey: Guid(8bae4a89b2d93ab489bf41fa40d45c99) Importer(815301076,1909f56bfc062723c751e8b465ee728b)
Start importing Assets/TextMesh Pro/Resources/Fonts & Materials/Adigiana_Extreme (1).ttf using Guid(8bae4a89b2d93ab489bf41fa40d45c99) Importer(815301076,1909f56bfc062723c751e8b465ee728b)  -> (artifact id: '9747c5a17235a687595b1e365c3f8e68') in 0.024713 seconds 
========================================================================
Received Import Request.
  Time since last request: 0.000038 seconds.
  path: Assets/Samples/Universal RP/12.1.8/URP Package Samples/Shaders/Lit/Materials/EmissionOn.mat
  artifactKey: Guid(c2809691a61fc4a43b6483eee535d786) Importer(815301076,1909f56bfc062723c751e8b465ee728b)
Start importing Assets/Samples/Universal RP/12.1.8/URP Package Samples/Shaders/Lit/Materials/EmissionOn.mat using Guid(c2809691a61fc4a43b6483eee535d786) Importer(815301076,1909f56bfc062723c751e8b465ee728b)  -> (artifact id: '74e75c5ee628dd9b95d2829a38ea54fb') in 0.067157 seconds 
========================================================================
Received Import Request.
  Time since last request: 0.000035 seconds.
  path: Assets/AstarPathfindingProject/ExampleScenes/Example5_PointGraph/blackText.mat
  artifactKey: Guid(87dee5d03323e4003a9785eface0284a) Importer(815301076,1909f56bfc062723c751e8b465ee728b)
Start importing Assets/AstarPathfindingProject/ExampleScenes/Example5_PointGraph/blackText.mat using Guid(87dee5d03323e4003a9785eface0284a) Importer(815301076,1909f56bfc062723c751e8b465ee728b)  -> (artifact id: '71dea9db34e59e454e7f658dfeef6ebe') in 0.023530 seconds 
========================================================================
Received Import Request.
  Time since last request: 0.000034 seconds.
  path: Packages/com.unity.searcher/Editor/Resources/FlatSkin/Font/Roboto-ThinItalic.ttf
  artifactKey: Guid(b2ea3b3f1765e544b9eb5bd1a93a91ce) Importer(815301076,1909f56bfc062723c751e8b465ee728b)
Start importing Packages/com.unity.searcher/Editor/Resources/FlatSkin/Font/Roboto-ThinItalic.ttf using Guid(b2ea3b3f1765e544b9eb5bd1a93a91ce) Importer(815301076,1909f56bfc062723c751e8b465ee728b)  -> (artifact id: '89234bb07797ea2fe3e310cda5b6603e') in 0.030199 seconds 
========================================================================
Received Import Request.
  Time since last request: 0.000029 seconds.
  path: Assets/Samples/Universal RP/12.1.8/URP Package Samples/SharedAssets/Fonts/Lato-Regular.ttf
  artifactKey: Guid(41c277dc43e1949a49ddfa34597b8af2) Importer(815301076,1909f56bfc062723c751e8b465ee728b)
Start importing Assets/Samples/Universal RP/12.1.8/URP Package Samples/SharedAssets/Fonts/Lato-Regular.ttf using Guid(41c277dc43e1949a49ddfa34597b8af2) Importer(815301076,1909f56bfc062723c751e8b465ee728b)  -> (artifact id: '8a9d8dff340a13acbfcbd90de498837a') in 0.032952 seconds 
========================================================================
Received Import Request.
  Time since last request: 0.000030 seconds.
  path: Assets/Samples/Universal RP/12.1.8/URP Package Samples/RendererFeatures/OcclusionEffect/Dither_Material.mat
  artifactKey: Guid(4831745bc8fc14e93a6d8b2a57d9bc6d) Importer(815301076,1909f56bfc062723c751e8b465ee728b)
Start importing Assets/Samples/Universal RP/12.1.8/URP Package Samples/RendererFeatures/OcclusionEffect/Dither_Material.mat using Guid(4831745bc8fc14e93a6d8b2a57d9bc6d) Importer(815301076,1909f56bfc062723c751e8b465ee728b)  -> (artifact id: 'fad13ea5a7ef3a491f8893c1bfa3981f') in 0.052220 seconds 
========================================================================
Received Import Request.
  Time since last request: 0.000039 seconds.
  path: Assets/AstarPathfindingProject/ExampleScenes/Materials/BlueCheckerGround.mat
  artifactKey: Guid(8f4d5503fdeab441e8c6c041504cf535) Importer(815301076,1909f56bfc062723c751e8b465ee728b)
Start importing Assets/AstarPathfindingProject/ExampleScenes/Materials/BlueCheckerGround.mat using Guid(8f4d5503fdeab441e8c6c041504cf535) Importer(815301076,1909f56bfc062723c751e8b465ee728b)  -> (artifact id: 'b3e50225343a98007655cde60f64d071') in 0.021440 seconds 
========================================================================
Received Import Request.
  Time since last request: 0.000047 seconds.
  path: Assets/Samples/Universal RP/12.1.8/URP Package Samples/Shaders/Lit/Materials/BaseMap.mat
  artifactKey: Guid(81a7b3fb99e984cb0a7a85e94d32a98e) Importer(815301076,1909f56bfc062723c751e8b465ee728b)
Start importing Assets/Samples/Universal RP/12.1.8/URP Package Samples/Shaders/Lit/Materials/BaseMap.mat using Guid(81a7b3fb99e984cb0a7a85e94d32a98e) Importer(815301076,1909f56bfc062723c751e8b465ee728b)  -> (artifact id: 'ccd91355a52cc85039b91a14786127a1') in 0.030937 seconds 
========================================================================
Received Import Request.
  Time since last request: 0.000039 seconds.
  path: Assets/Samples/Universal RP/12.1.8/URP Package Samples/Shaders/Lit/Materials/BaseWhite.mat
  artifactKey: Guid(f5c03b7d48332454cbf96bd82bc98f12) Importer(815301076,1909f56bfc062723c751e8b465ee728b)
Start importing Assets/Samples/Universal RP/12.1.8/URP Package Samples/Shaders/Lit/Materials/BaseWhite.mat using Guid(f5c03b7d48332454cbf96bd82bc98f12) Importer(815301076,1909f56bfc062723c751e8b465ee728b)  -> (artifact id: 'b660c4cc844637a07f65d7c7ef8bbbba') in 0.028615 seconds 
========================================================================
Received Import Request.
  Time since last request: 0.000036 seconds.
  path: Assets/Samples/Universal RP/12.1.8/URP Package Samples/Decals/ProxyLighting/Materials/BlueSpotlight.mat
  artifactKey: Guid(c648de8231cde4fdfa786d06e5d8ad57) Importer(815301076,1909f56bfc062723c751e8b465ee728b)
Start importing Assets/Samples/Universal RP/12.1.8/URP Package Samples/Decals/ProxyLighting/Materials/BlueSpotlight.mat using Guid(c648de8231cde4fdfa786d06e5d8ad57) Importer(815301076,1909f56bfc062723c751e8b465ee728b)  -> (artifact id: '695ea37cf4a4976597e383439f94f44c') in 0.035177 seconds 
========================================================================
Received Import Request.
  Time since last request: 0.000045 seconds.
  path: Assets/AstarPathfindingProject/ExampleScenes/Materials/Door.mat
  artifactKey: Guid(863174fbef875425ca78e4c949f12318) Importer(815301076,1909f56bfc062723c751e8b465ee728b)
Start importing Assets/AstarPathfindingProject/ExampleScenes/Materials/Door.mat using Guid(863174fbef875425ca78e4c949f12318) Importer(815301076,1909f56bfc062723c751e8b465ee728b)  -> (artifact id: '47cc3bfb53590f1aec4bba25f60dad92') in 0.028849 seconds 
========================================================================
Received Import Request.
  Time since last request: 0.000036 seconds.
  path: Assets/Samples/Universal RP/12.1.8/URP Package Samples/Shaders/Lit/Materials/EmissionMap.mat
  artifactKey: Guid(ba07f5ddfe8f94c61ac3c22a32d15fc4) Importer(815301076,1909f56bfc062723c751e8b465ee728b)
Start importing Assets/Samples/Universal RP/12.1.8/URP Package Samples/Shaders/Lit/Materials/EmissionMap.mat using Guid(ba07f5ddfe8f94c61ac3c22a32d15fc4) Importer(815301076,1909f56bfc062723c751e8b465ee728b)  -> (artifact id: '3a7d0c50a4e21211031abd0f08e99da8') in 0.034322 seconds 
========================================================================
Received Import Request.
  Time since last request: 1.033889 seconds.
  path: Packages/com.unity.searcher/Editor/Resources/FlatSkin/Font/Roboto-Medium.ttf
  artifactKey: Guid(a51a3aebb43ac044989270407476b208) Importer(815301076,1909f56bfc062723c751e8b465ee728b)
Start importing Packages/com.unity.searcher/Editor/Resources/FlatSkin/Font/Roboto-Medium.ttf using Guid(a51a3aebb43ac044989270407476b208) Importer(815301076,1909f56bfc062723c751e8b465ee728b)  -> (artifact id: 'c1b398f3a3d4dd6c010f7fbc5a18e1f9') in 0.028115 seconds 
========================================================================
Received Import Request.
  Time since last request: 0.000031 seconds.
  path: Packages/com.unity.searcher/Editor/Resources/FlatSkin/Font/Roboto-BlackItalic.ttf
  artifactKey: Guid(f95147a9bab9fe649b8070170fa7ebd2) Importer(815301076,1909f56bfc062723c751e8b465ee728b)
Start importing Packages/com.unity.searcher/Editor/Resources/FlatSkin/Font/Roboto-BlackItalic.ttf using Guid(f95147a9bab9fe649b8070170fa7ebd2) Importer(815301076,1909f56bfc062723c751e8b465ee728b)  -> (artifact id: '7316e4cde34a84323795db9c9b24f25c') in 0.030396 seconds 
========================================================================
Received Import Request.
  Time since last request: 0.000034 seconds.
  path: Assets/Scenes/Enemy/VFX/Electric_Arc_VFX.vfx
  artifactKey: Guid(2465e03b7aabf4c4491d297afc02dc3f) Importer(815301076,1909f56bfc062723c751e8b465ee728b)
Start importing Assets/Scenes/Enemy/VFX/Electric_Arc_VFX.vfx using Guid(2465e03b7aabf4c4491d297afc02dc3f) Importer(815301076,1909f56bfc062723c751e8b465ee728b)  -> (artifact id: '2fcedb2f6ff0afa84af621e8c8fe135c') in 0.032788 seconds 
========================================================================
Received Import Request.
  Time since last request: 0.000034 seconds.
  path: Packages/com.unity.searcher/Editor/Resources/FlatSkin/Font/Roboto-Italic.ttf
  artifactKey: Guid(c839255fc8f6b4b4d90bf8c1af9f9bd1) Importer(815301076,1909f56bfc062723c751e8b465ee728b)
Start importing Packages/com.unity.searcher/Editor/Resources/FlatSkin/Font/Roboto-Italic.ttf using Guid(c839255fc8f6b4b4d90bf8c1af9f9bd1) Importer(815301076,1909f56bfc062723c751e8b465ee728b)  -> (artifact id: '7d7ebb0b2249bc0d4e46285c5178dcaf') in 0.031023 seconds 
========================================================================
Received Import Request.
  Time since last request: 0.000032 seconds.
  path: Packages/com.unity.searcher/Editor/Resources/FlatSkin/Font/Roboto-Black.ttf
  artifactKey: Guid(1062c701058745940ae5dca6219c64c8) Importer(815301076,1909f56bfc062723c751e8b465ee728b)
Start importing Packages/com.unity.searcher/Editor/Resources/FlatSkin/Font/Roboto-Black.ttf using Guid(1062c701058745940ae5dca6219c64c8) Importer(815301076,1909f56bfc062723c751e8b465ee728b)  -> (artifact id: '167b95ab04079f5b5b60f9ae8066b20d') in 0.030719 seconds 
========================================================================
Received Import Request.
  Time since last request: 0.000035 seconds.
  path: Assets/Scenes/Enemy/VFX/Attack_Vfx.vfx
  artifactKey: Guid(c418ef1da962271498bf14299e85e44d) Importer(815301076,1909f56bfc062723c751e8b465ee728b)
Start importing Assets/Scenes/Enemy/VFX/Attack_Vfx.vfx using Guid(c418ef1da962271498bf14299e85e44d) Importer(815301076,1909f56bfc062723c751e8b465ee728b)  -> (artifact id: '09da653eceb6fedf31cd5d0f49abe814') in 0.025730 seconds 
========================================================================
Received Import Request.
  Time since last request: 0.000041 seconds.
  path: Assets/Scenes/Player/VFX/VFX_Flash.vfx
  artifactKey: Guid(6f3c829b58193904d92305e8fcee3cfb) Importer(815301076,1909f56bfc062723c751e8b465ee728b)
Start importing Assets/Scenes/Player/VFX/VFX_Flash.vfx using Guid(6f3c829b58193904d92305e8fcee3cfb) Importer(815301076,1909f56bfc062723c751e8b465ee728b)  -> (artifact id: 'acdaa9613da8ebbfab0c3fce01253f8b') in 0.048583 seconds 
========================================================================
Received Import Request.
  Time since last request: 0.000035 seconds.
  path: Assets/Scenes/Player/VFX/Bullet.vfx
  artifactKey: Guid(10467827af30b0241891221c7e9cdd96) Importer(815301076,1909f56bfc062723c751e8b465ee728b)
Start importing Assets/Scenes/Player/VFX/Bullet.vfx using Guid(10467827af30b0241891221c7e9cdd96) Importer(815301076,1909f56bfc062723c751e8b465ee728b)  -> (artifact id: '7988bb6802c6569b2755777ace3353cb') in 0.018938 seconds 
========================================================================
Received Import Request.
  Time since last request: 0.000044 seconds.
  path: Assets/Samples/Universal RP/12.1.8/URP Package Samples/SharedAssets/Materials/Green.mat
  artifactKey: Guid(6ee6561ebf75a4b15857523107eae6bd) Importer(815301076,1909f56bfc062723c751e8b465ee728b)
Start importing Assets/Samples/Universal RP/12.1.8/URP Package Samples/SharedAssets/Materials/Green.mat using Guid(6ee6561ebf75a4b15857523107eae6bd) Importer(815301076,1909f56bfc062723c751e8b465ee728b)  -> (artifact id: '1159a4863c0aff18dcea536deb285223') in 0.025919 seconds 
========================================================================
Received Import Request.
  Time since last request: 0.000047 seconds.
  path: Packages/com.unity.searcher/Editor/Resources/FlatSkin/Font/Roboto-Light.ttf
  artifactKey: Guid(2a29e27936eb547458f646f71125b264) Importer(815301076,1909f56bfc062723c751e8b465ee728b)
Start importing Packages/com.unity.searcher/Editor/Resources/FlatSkin/Font/Roboto-Light.ttf using Guid(2a29e27936eb547458f646f71125b264) Importer(815301076,1909f56bfc062723c751e8b465ee728b)  -> (artifact id: 'b0b2ffdb303a84c4f6753770399a66e9') in 0.032217 seconds 
========================================================================
Received Import Request.
  Time since last request: 0.000042 seconds.
  path: Assets/Samples/Universal RP/12.1.8/URP Package Samples/Shaders/Lit/Materials/HeightMapOn.mat
  artifactKey: Guid(db2f9e1b0d51c4244972d007409c5d1a) Importer(815301076,1909f56bfc062723c751e8b465ee728b)
Start importing Assets/Samples/Universal RP/12.1.8/URP Package Samples/Shaders/Lit/Materials/HeightMapOn.mat using Guid(db2f9e1b0d51c4244972d007409c5d1a) Importer(815301076,1909f56bfc062723c751e8b465ee728b)  -> (artifact id: '0dae685792758e4ab6b40145120e1672') in 0.053437 seconds 
========================================================================
Received Import Request.
  Time since last request: 1.214992 seconds.
  path: Assets/TextMesh Pro/Resources/Fonts & Materials/LiberationSans SDF - Fallback.asset
  artifactKey: Guid(2e498d1c8094910479dc3e1b768306a4) Importer(815301076,1909f56bfc062723c751e8b465ee728b)
Start importing Assets/TextMesh Pro/Resources/Fonts & Materials/LiberationSans SDF - Fallback.asset using Guid(2e498d1c8094910479dc3e1b768306a4) Importer(815301076,1909f56bfc062723c751e8b465ee728b)  -> (artifact id: 'cb23d07bc93e81f152299a686c103b6b') in 0.041052 seconds 
========================================================================
Received Import Request.
  Time since last request: 0.000030 seconds.
  path: Assets/AstarPathfindingProject/ExampleScenes/Example5_PointGraph/ListCubes.mat
  artifactKey: Guid(9c0721c9b4f3c4cb894656485acb9228) Importer(815301076,1909f56bfc062723c751e8b465ee728b)
Start importing Assets/AstarPathfindingProject/ExampleScenes/Example5_PointGraph/ListCubes.mat using Guid(9c0721c9b4f3c4cb894656485acb9228) Importer(815301076,1909f56bfc062723c751e8b465ee728b)  -> (artifact id: 'b2d7ebff160f0f192102bea545c251db') in 0.028149 seconds 
========================================================================
Received Import Request.
  Time since last request: 0.000034 seconds.
  path: Assets/Samples/Universal RP/12.1.8/URP Package Samples/Shaders/Lit/Materials/MetallicMap.mat
  artifactKey: Guid(bfe840013b1e840cdbc00d83632179e8) Importer(815301076,1909f56bfc062723c751e8b465ee728b)
Start importing Assets/Samples/Universal RP/12.1.8/URP Package Samples/Shaders/Lit/Materials/MetallicMap.mat using Guid(bfe840013b1e840cdbc00d83632179e8) Importer(815301076,1909f56bfc062723c751e8b465ee728b)  -> (artifact id: 'd9eb89da00478bf066022ad7a621c112') in 0.050504 seconds 
========================================================================
Received Import Request.
  Time since last request: 0.002874 seconds.
  path: Assets/AstarPathfindingProject/ExampleScenes/Prefabs/MineBot/Materials/mine_bot-01 - Default.mat
  artifactKey: Guid(1829738127541482a895692670703544) Importer(815301076,1909f56bfc062723c751e8b465ee728b)
Start importing Assets/AstarPathfindingProject/ExampleScenes/Prefabs/MineBot/Materials/mine_bot-01 - Default.mat using Guid(1829738127541482a895692670703544) Importer(815301076,1909f56bfc062723c751e8b465ee728b)  -> (artifact id: 'f8223f322fed18f9171105914945d433') in 0.025020 seconds 
========================================================================
Received Import Request.
  Time since last request: 0.000036 seconds.
  path: Assets/AstarPathfindingProject/ExampleScenes/Prefabs/MineBot/Materials/mine_bot@forward-01 - Default.mat
  artifactKey: Guid(7c7ae9bbdf3d944e7877ee4243ac4801) Importer(815301076,1909f56bfc062723c751e8b465ee728b)
Start importing Assets/AstarPathfindingProject/ExampleScenes/Prefabs/MineBot/Materials/mine_bot@forward-01 - Default.mat using Guid(7c7ae9bbdf3d944e7877ee4243ac4801) Importer(815301076,1909f56bfc062723c751e8b465ee728b)  -> (artifact id: 'b497a38792c9cb8b561a7347a1cb38b5') in 0.025134 seconds 
========================================================================
Received Import Request.
  Time since last request: 0.000049 seconds.
  path: Assets/AstarPathfindingProject/ExampleScenes/Prefabs/MineBot/Materials/mine_bot@awake-01 - Default.mat
  artifactKey: Guid(67af7822a09c145bea7714196d07f476) Importer(815301076,1909f56bfc062723c751e8b465ee728b)
Start importing Assets/AstarPathfindingProject/ExampleScenes/Prefabs/MineBot/Materials/mine_bot@awake-01 - Default.mat using Guid(67af7822a09c145bea7714196d07f476) Importer(815301076,1909f56bfc062723c751e8b465ee728b)  -> (artifact id: '2be616b211b6793692c9f65c08f6fe2e') in 0.023379 seconds 
========================================================================
Received Import Request.
  Time since last request: 0.238051 seconds.
  path: Assets/AstarPathfindingProject/Editor/EditorAssets/Materials/Navmesh.mat
  artifactKey: Guid(5ce51318bbfb1466188b929a68a6bd3a) Importer(815301076,1909f56bfc062723c751e8b465ee728b)
Start importing Assets/AstarPathfindingProject/Editor/EditorAssets/Materials/Navmesh.mat using Guid(5ce51318bbfb1466188b929a68a6bd3a) Importer(815301076,1909f56bfc062723c751e8b465ee728b)  -> (artifact id: '5aa1b61076c8a627e96ee6dcdca07de2') in 0.020130 seconds 
========================================================================
Received Import Request.
  Time since last request: 0.000038 seconds.
  path: Assets/Samples/Universal RP/12.1.8/URP Package Samples/CameraStacking/3D Skybox/Materials/Planet 1.mat
  artifactKey: Guid(a5cb8f46ef6d74dad945d8966c0de9d2) Importer(815301076,1909f56bfc062723c751e8b465ee728b)
Start importing Assets/Samples/Universal RP/12.1.8/URP Package Samples/CameraStacking/3D Skybox/Materials/Planet 1.mat using Guid(a5cb8f46ef6d74dad945d8966c0de9d2) Importer(815301076,1909f56bfc062723c751e8b465ee728b)  -> (artifact id: 'd6ba404913206964cc64076a7269d544') in 0.041851 seconds 
========================================================================
Received Import Request.
  Time since last request: 0.000032 seconds.
  path: Assets/AstarPathfindingProject/ExampleScenes/Materials/OrangeGround.mat
  artifactKey: Guid(20e84239fa93246fe8f7f753e8ee4ef2) Importer(815301076,1909f56bfc062723c751e8b465ee728b)
Start importing Assets/AstarPathfindingProject/ExampleScenes/Materials/OrangeGround.mat using Guid(20e84239fa93246fe8f7f753e8ee4ef2) Importer(815301076,1909f56bfc062723c751e8b465ee728b)  -> (artifact id: '9c064387c8732d48f2321435da2767e8') in 0.025795 seconds 
========================================================================
Received Import Request.
  Time since last request: 0.000033 seconds.
  path: Assets/Samples/Universal RP/12.1.8/URP Package Samples/SharedAssets/Materials/Orange.mat
  artifactKey: Guid(7c917239ee790461b8b46b53c2ffd0d2) Importer(815301076,1909f56bfc062723c751e8b465ee728b)
Start importing Assets/Samples/Universal RP/12.1.8/URP Package Samples/SharedAssets/Materials/Orange.mat using Guid(7c917239ee790461b8b46b53c2ffd0d2) Importer(815301076,1909f56bfc062723c751e8b465ee728b)  -> (artifact id: '41537db6305b2c4809c0d55d91fc500b') in 0.026089 seconds 
========================================================================
Received Import Request.
  Time since last request: 0.000035 seconds.
  path: Assets/AstarPathfindingProject/ExampleScenes/Example12_Procedural/TopDownOverlay.mat
  artifactKey: Guid(d3d92ca2f0e9e4bfb9c0fbe69453486a) Importer(815301076,1909f56bfc062723c751e8b465ee728b)
Start importing Assets/AstarPathfindingProject/ExampleScenes/Example12_Procedural/TopDownOverlay.mat using Guid(d3d92ca2f0e9e4bfb9c0fbe69453486a) Importer(815301076,1909f56bfc062723c751e8b465ee728b)  -> (artifact id: 'f5aa0a682bcb907bcc383e98e25efe7a') in 0.029032 seconds 
========================================================================
Received Import Request.
  Time since last request: 0.000052 seconds.
  path: Assets/Samples/Universal RP/12.1.8/URP Package Samples/RendererFeatures/KeepFrame/SwirlyFrame.mat
  artifactKey: Guid(b02405f3a8b6143a8bf2013c469300cf) Importer(815301076,1909f56bfc062723c751e8b465ee728b)
Start importing Assets/Samples/Universal RP/12.1.8/URP Package Samples/RendererFeatures/KeepFrame/SwirlyFrame.mat using Guid(b02405f3a8b6143a8bf2013c469300cf) Importer(815301076,1909f56bfc062723c751e8b465ee728b)  -> (artifact id: 'f07f8840f3ee018da599c00cd7823079') in 0.043423 seconds 
========================================================================
Received Import Request.
  Time since last request: 0.000039 seconds.
  path: Assets/Samples/Universal RP/12.1.8/URP Package Samples/RendererFeatures/TrailEffect/Sand.mat
  artifactKey: Guid(4438bff2a20e74932b90b2af6762b849) Importer(815301076,1909f56bfc062723c751e8b465ee728b)
Start importing Assets/Samples/Universal RP/12.1.8/URP Package Samples/RendererFeatures/TrailEffect/Sand.mat using Guid(4438bff2a20e74932b90b2af6762b849) Importer(815301076,1909f56bfc062723c751e8b465ee728b)  -> (artifact id: 'da5cb88c0a2444bd0e3a18770999c4dd') in 0.115457 seconds 
========================================================================
Received Import Request.
  Time since last request: 0.000034 seconds.
  path: Assets/Samples/Universal RP/12.1.8/URP Package Samples/SharedAssets/Materials/White.mat
  artifactKey: Guid(ec1179175ec9b4c0c8faa41f6ee73a0a) Importer(815301076,1909f56bfc062723c751e8b465ee728b)
Start importing Assets/Samples/Universal RP/12.1.8/URP Package Samples/SharedAssets/Materials/White.mat using Guid(ec1179175ec9b4c0c8faa41f6ee73a0a) Importer(815301076,1909f56bfc062723c751e8b465ee728b)  -> (artifact id: '5162d635acfe8908b763af7a24fbf62a') in 0.027042 seconds 
========================================================================
Received Import Request.
  Time since last request: 0.000039 seconds.
  path: Assets/AstarPathfindingProject/ExampleScenes/Materials/PathRedArea.mat
  artifactKey: Guid(deda211578c2d47f69bee1211faed775) Importer(815301076,1909f56bfc062723c751e8b465ee728b)
Start importing Assets/AstarPathfindingProject/ExampleScenes/Materials/PathRedArea.mat using Guid(deda211578c2d47f69bee1211faed775) Importer(815301076,1909f56bfc062723c751e8b465ee728b)  -> (artifact id: '2f00e38682900df134344d4ace1cc8c5') in 0.025549 seconds 
========================================================================
Received Import Request.
  Time since last request: 0.000056 seconds.
  path: Assets/Scenes/UI/Material/ProgressBar.mat
  artifactKey: Guid(3e5d5ec2ab17ec346aa90afeec6646b3) Importer(815301076,1909f56bfc062723c751e8b465ee728b)
Start importing Assets/Scenes/UI/Material/ProgressBar.mat using Guid(3e5d5ec2ab17ec346aa90afeec6646b3) Importer(815301076,1909f56bfc062723c751e8b465ee728b)  -> (artifact id: '2a101b911abbbf4cd60617051f5c0b3f') in 0.026074 seconds 
========================================================================
Received Import Request.
  Time since last request: 95.902023 seconds.
  path: Assets/URP_GameLight_Renderer.asset
  artifactKey: Guid(1ceee1d95b1720b41b47f1416c5456ac) Importer(815301076,1909f56bfc062723c751e8b465ee728b)
Start importing Assets/URP_GameLight_Renderer.asset using Guid(1ceee1d95b1720b41b47f1416c5456ac) Importer(815301076,1909f56bfc062723c751e8b465ee728b)  -> (artifact id: '03b87e42c1a606b1ecf3225b20ff6c20') in 0.006179 seconds 
========================================================================
Received Import Request.
  Time since last request: 206.344395 seconds.
  path: Assets/Scenes/UI/Prefabs/ActiveSkillsPoints.prefab
  artifactKey: Guid(66c787781fd002c4b9f30349797aeb8e) Importer(815301076,1909f56bfc062723c751e8b465ee728b)
Start importing Assets/Scenes/UI/Prefabs/ActiveSkillsPoints.prefab using Guid(66c787781fd002c4b9f30349797aeb8e) Importer(815301076,1909f56bfc062723c751e8b465ee728b)  -> (artifact id: '108c94ddb1796b4991566641f023ff28') in 0.355483 seconds 
========================================================================
Received Import Request.
  Time since last request: 0.000052 seconds.
  path: Assets/Scenes/UI/Prefabs/SkillSlot.prefab
  artifactKey: Guid(86de2970cca55d649af663ee5780898c) Importer(815301076,1909f56bfc062723c751e8b465ee728b)
Start importing Assets/Scenes/UI/Prefabs/SkillSlot.prefab using Guid(86de2970cca55d649af663ee5780898c) Importer(815301076,1909f56bfc062723c751e8b465ee728b)  -> (artifact id: '9145ab3140235fa35b8fce2abf91a0bf') in 0.040920 seconds 
========================================================================
Received Import Request.
  Time since last request: 0.000043 seconds.
  path: Assets/Scenes/UI/Prefabs/ElementDebuffPanel.prefab
  artifactKey: Guid(e188e521e811556409a0dd04d02e70f4) Importer(815301076,1909f56bfc062723c751e8b465ee728b)
Start importing Assets/Scenes/UI/Prefabs/ElementDebuffPanel.prefab using Guid(e188e521e811556409a0dd04d02e70f4) Importer(815301076,1909f56bfc062723c751e8b465ee728b)  -> (artifact id: '0b552806c4c72bba2265f462c2da4ae7') in 0.011847 seconds 
========================================================================
Received Import Request.
  Time since last request: 0.000032 seconds.
  path: Assets/Scenes/UI/Prefabs/Equipment.prefab
  artifactKey: Guid(8e7132e6240bdfd47894b974c4dcf2dd) Importer(815301076,1909f56bfc062723c751e8b465ee728b)
Start importing Assets/Scenes/UI/Prefabs/Equipment.prefab using Guid(8e7132e6240bdfd47894b974c4dcf2dd) Importer(815301076,1909f56bfc062723c751e8b465ee728b)  -> (artifact id: 'cc02227319b754eee0e7b2c5581ff9f4') in 0.037274 seconds 
========================================================================
Received Import Request.
  Time since last request: 0.000033 seconds.
  path: Assets/Scenes/UI/Prefabs/BGGameOver.prefab
  artifactKey: Guid(5c51c39411c70084198f882b23cae2fa) Importer(815301076,1909f56bfc062723c751e8b465ee728b)
Start importing Assets/Scenes/UI/Prefabs/BGGameOver.prefab using Guid(5c51c39411c70084198f882b23cae2fa) Importer(815301076,1909f56bfc062723c751e8b465ee728b)  -> (artifact id: 'f2d16c2bb7ca5bd4b5e447849dc6ee6a') in 0.040611 seconds 
========================================================================
Received Import Request.
  Time since last request: 0.000096 seconds.
  path: Assets/Scenes/UI/Prefabs/Item.prefab
  artifactKey: Guid(c761618b29cdf954f8ffec7c1e37fcd1) Importer(815301076,1909f56bfc062723c751e8b465ee728b)
Start importing Assets/Scenes/UI/Prefabs/Item.prefab using Guid(c761618b29cdf954f8ffec7c1e37fcd1) Importer(815301076,1909f56bfc062723c751e8b465ee728b)  -> (artifact id: 'ab0ddda81de8f347c4f21d4f0d9e16f8') in 0.043074 seconds 
========================================================================
Received Import Request.
  Time since last request: 0.000029 seconds.
  path: Assets/Scenes/UI/Prefabs/Tree 1.prefab
  artifactKey: Guid(795be6e00e797404ea289983826f0480) Importer(815301076,1909f56bfc062723c751e8b465ee728b)
Start importing Assets/Scenes/UI/Prefabs/Tree 1.prefab using Guid(795be6e00e797404ea289983826f0480) Importer(815301076,1909f56bfc062723c751e8b465ee728b)  -> (artifact id: '81253acd6d152c6b81427ca3f22a599f') in 0.034513 seconds 
========================================================================
Received Import Request.
  Time since last request: 0.000054 seconds.
  path: Assets/Scenes/UI/Prefabs/BuffAttackSpeedZone.prefab
  artifactKey: Guid(1cd22554e7c970446af76ec93cf0def6) Importer(815301076,1909f56bfc062723c751e8b465ee728b)
Start importing Assets/Scenes/UI/Prefabs/BuffAttackSpeedZone.prefab using Guid(1cd22554e7c970446af76ec93cf0def6) Importer(815301076,1909f56bfc062723c751e8b465ee728b)  -> (artifact id: 'a850ac29534d50025384d17e69fb5022') in 0.062487 seconds 
========================================================================
Received Import Request.
  Time since last request: 0.000048 seconds.
  path: Assets/Scenes/UI/Prefabs/Element.prefab
  artifactKey: Guid(18f8e8e849830084eace680fad057225) Importer(815301076,1909f56bfc062723c751e8b465ee728b)
Start importing Assets/Scenes/UI/Prefabs/Element.prefab using Guid(18f8e8e849830084eace680fad057225) Importer(815301076,1909f56bfc062723c751e8b465ee728b)  -> (artifact id: 'c2531f3b02cd56e575c4f865680933b8') in 0.023343 seconds 
========================================================================
Received Import Request.
  Time since last request: 0.000036 seconds.
  path: Assets/Scenes/UI/Prefabs/BGWinPanel.prefab
  artifactKey: Guid(0aa24057517015745a19b68ec9891bd7) Importer(815301076,1909f56bfc062723c751e8b465ee728b)
Start importing Assets/Scenes/UI/Prefabs/BGWinPanel.prefab using Guid(0aa24057517015745a19b68ec9891bd7) Importer(815301076,1909f56bfc062723c751e8b465ee728b)  -> (artifact id: '410dfcd13c206ecce74881feeb0abde2') in 0.044458 seconds 
========================================================================
Received Import Request.
  Time since last request: 0.000040 seconds.
  path: Assets/Scenes/UI/Prefabs/UI.prefab
  artifactKey: Guid(72d3b4de5c5de484ebe33d179b10eeed) Importer(815301076,1909f56bfc062723c751e8b465ee728b)
Start importing Assets/Scenes/UI/Prefabs/UI.prefab using Guid(72d3b4de5c5de484ebe33d179b10eeed) Importer(815301076,1909f56bfc062723c751e8b465ee728b)  -> (artifact id: 'dd3d3ec5b5c0cc647f7682e03d9d2100') in 0.440758 seconds 
========================================================================
Received Import Request.
  Time since last request: 0.000053 seconds.
  path: Assets/Scenes/UI/Prefabs/Bobs_Parent.prefab
  artifactKey: Guid(5a5e6365e6d086e40b93bf398d9ab89f) Importer(815301076,1909f56bfc062723c751e8b465ee728b)
Start importing Assets/Scenes/UI/Prefabs/Bobs_Parent.prefab using Guid(5a5e6365e6d086e40b93bf398d9ab89f) Importer(815301076,1909f56bfc062723c751e8b465ee728b)  -> (artifact id: '4d3b8793682ace339c0768a754e50759') in 0.013024 seconds 
========================================================================
Received Import Request.
  Time since last request: 0.000047 seconds.
  path: Assets/Scenes/UI/Prefabs/CraftZone.prefab
  artifactKey: Guid(fe206aafb501534408f6172fe11857ba) Importer(815301076,1909f56bfc062723c751e8b465ee728b)
Start importing Assets/Scenes/UI/Prefabs/CraftZone.prefab using Guid(fe206aafb501534408f6172fe11857ba) Importer(815301076,1909f56bfc062723c751e8b465ee728b)  -> (artifact id: '478dc4e721ff462ba94e06096912a478') in 0.015696 seconds 
========================================================================
Received Import Request.
  Time since last request: 0.000041 seconds.
  path: Assets/Scenes/UI/Prefabs/Star 1.prefab
  artifactKey: Guid(0c9a4df48ca167e4286984e92de158f6) Importer(815301076,1909f56bfc062723c751e8b465ee728b)
Start importing Assets/Scenes/UI/Prefabs/Star 1.prefab using Guid(0c9a4df48ca167e4286984e92de158f6) Importer(815301076,1909f56bfc062723c751e8b465ee728b)  -> (artifact id: '9e67a6b1df03d20193673da8044cecd6') in 0.011142 seconds 
========================================================================
Received Import Request.
  Time since last request: 0.000034 seconds.
  path: Assets/Scenes/UI/Prefabs/Tree 2.prefab
  artifactKey: Guid(bb45952c7483dd845b7cdc3c97f15a64) Importer(815301076,1909f56bfc062723c751e8b465ee728b)
Start importing Assets/Scenes/UI/Prefabs/Tree 2.prefab using Guid(bb45952c7483dd845b7cdc3c97f15a64) Importer(815301076,1909f56bfc062723c751e8b465ee728b)  -> (artifact id: '4065b83b1333cfe48053be476b92c757') in 0.023521 seconds 
Editor requested this worker to shutdown with reason: Scaling down because of idle timeout
AssetImportWorker is now disconnected from the server
Process exiting
Exiting without the bug reporter. Application will terminate with return code 0