Using pre-set license
Built from '2021.3/staging' branch; Version is '2021.3.15f1 (e8e88683f834) revision 15263878'; Using compiler version '192829333'; Build Type 'Release'
OS: 'Windows 11  (10.0.22621) 64bit Professional' Language: 'uk' Physical Memory: 16307 MB
BatchMode: 1, IsHumanControllingUs: 0, StartBugReporterOnCrash: 0, Is64bit: 1, IsPro: 1

COMMAND LINE ARGUMENTS:
C:\Program Files\Unity\Hub\Editor\2021.3.15f1\Editor\Unity.exe
-adb2
-batchMode
-noUpm
-name
AssetImportWorker15
-projectPath
C:/Users/maksi/Game/Psyco
-logFile
Logs/AssetImportWorker15.log
-srvPort
55052
Successfully changed project path to: C:/Users/maksi/Game/Psyco
C:/Users/maksi/Game/Psyco
[UnityMemory] Configuration Parameters - Can be set up in boot.config
    "memorysetup-bucket-allocator-granularity=16"
    "memorysetup-bucket-allocator-bucket-count=8"
    "memorysetup-bucket-allocator-block-size=33554432"
    "memorysetup-bucket-allocator-block-count=8"
    "memorysetup-main-allocator-block-size=16777216"
    "memorysetup-thread-allocator-block-size=16777216"
    "memorysetup-gfx-main-allocator-block-size=16777216"
    "memorysetup-gfx-thread-allocator-block-size=16777216"
    "memorysetup-cache-allocator-block-size=4194304"
    "memorysetup-typetree-allocator-block-size=2097152"
    "memorysetup-profiler-bucket-allocator-granularity=16"
    "memorysetup-profiler-bucket-allocator-bucket-count=8"
    "memorysetup-profiler-bucket-allocator-block-size=33554432"
    "memorysetup-profiler-bucket-allocator-block-count=8"
    "memorysetup-profiler-allocator-block-size=16777216"
    "memorysetup-profiler-editor-allocator-block-size=1048576"
    "memorysetup-temp-allocator-size-main=16777216"
    "memorysetup-job-temp-allocator-block-size=2097152"
    "memorysetup-job-temp-allocator-block-size-background=1048576"
    "memorysetup-job-temp-allocator-reduction-small-platforms=262144"
    "memorysetup-temp-allocator-size-background-worker=32768"
    "memorysetup-temp-allocator-size-job-worker=262144"
    "memorysetup-temp-allocator-size-preload-manager=33554432"
    "memorysetup-temp-allocator-size-nav-mesh-worker=65536"
    "memorysetup-temp-allocator-size-audio-worker=65536"
    "memorysetup-temp-allocator-size-cloud-worker=32768"
    "memorysetup-temp-allocator-size-gi-baking-worker=262144"
    "memorysetup-temp-allocator-size-gfx=262144"
Player connection [16312] Host "[IP] 25.69.118.164 [Port] 0 [Flags] 2 [Guid] 3867704513 [EditorId] 3867704513 [Version] 1048832 [Id] WindowsEditor(7,Home) [Debug] 1 [PackageName] WindowsEditor [ProjectName] Editor" joined multi-casting on [225.0.0.222:54997]...

Player connection [16312] Host "[IP] 25.69.118.164 [Port] 0 [Flags] 2 [Guid] 3867704513 [EditorId] 3867704513 [Version] 1048832 [Id] WindowsEditor(7,Home) [Debug] 1 [PackageName] WindowsEditor [ProjectName] Editor" joined alternative multi-casting on [225.0.0.222:34997]...

Refreshing native plugins compatible for Editor in 164.89 ms, found 4 plugins.
Preloading 0 native plugins for Editor in 0.00 ms.
Initialize engine version: 2021.3.15f1 (e8e88683f834)
[Subsystems] Discovering subsystems at path C:/Program Files/Unity/Hub/Editor/2021.3.15f1/Editor/Data/Resources/UnitySubsystems
[Subsystems] Discovering subsystems at path C:/Users/maksi/Game/Psyco/Assets
GfxDevice: creating device client; threaded=0; jobified=0
Direct3D:
    Version:  Direct3D 11.0 [level 11.1]
    Renderer: NVIDIA GeForce GTX 1060 6GB (ID=0x1c03)
    Vendor:   NVIDIA
    VRAM:     6043 MB
    Driver:   31.0.15.2737
Invalid texture used for cursor - check importer settings or texture creation. Texture must be RGBA32, readable, have alphaIsTransparency enabled and have no mip chain.
Initialize mono
Mono path[0] = 'C:/Program Files/Unity/Hub/Editor/2021.3.15f1/Editor/Data/Managed'
Mono path[1] = 'C:/Program Files/Unity/Hub/Editor/2021.3.15f1/Editor/Data/MonoBleedingEdge/lib/mono/unityjit-win32'
Mono config path = 'C:/Program Files/Unity/Hub/Editor/2021.3.15f1/Editor/Data/MonoBleedingEdge/etc'
Using monoOptions --debugger-agent=transport=dt_socket,embedding=1,server=y,suspend=n,address=127.0.0.1:56200
Begin MonoManager ReloadAssembly
Registering precompiled unity dll's ...
Register platform support module: C:/Program Files/Unity/Hub/Editor/2021.3.15f1/Editor/Data/PlaybackEngines/WebGLSupport/UnityEditor.WebGL.Extensions.dll
Register platform support module: C:/Program Files/Unity/Hub/Editor/2021.3.15f1/Editor/Data/PlaybackEngines/WindowsStandaloneSupport/UnityEditor.WindowsStandalone.Extensions.dll
Registered in 0.007504 seconds.
Native extension for WindowsStandalone target not found
Native extension for WebGL target not found
Refreshing native plugins compatible for Editor in 179.11 ms, found 4 plugins.
Preloading 0 native plugins for Editor in 0.00 ms.
Mono: successfully reloaded assembly
- Completed reload, in  0.861 seconds
Domain Reload Profiling:
	ReloadAssembly (862ms)
		BeginReloadAssembly (86ms)
			ExecutionOrderSort (0ms)
			DisableScriptedObjects (0ms)
			BackupInstance (0ms)
			ReleaseScriptingObjects (0ms)
			CreateAndSetChildDomain (1ms)
		EndReloadAssembly (646ms)
			LoadAssemblies (84ms)
			RebuildTransferFunctionScriptingTraits (0ms)
			SetupTypeCache (127ms)
			ReleaseScriptCaches (0ms)
			RebuildScriptCaches (35ms)
			SetupLoadedEditorAssemblies (415ms)
				LogAssemblyErrors (0ms)
				InitializePlatformSupportModulesInManaged (13ms)
				SetLoadedEditorAssemblies (0ms)
				RefreshPlugins (179ms)
				BeforeProcessingInitializeOnLoad (1ms)
				ProcessInitializeOnLoadAttributes (169ms)
				ProcessInitializeOnLoadMethodAttributes (52ms)
				AfterProcessingInitializeOnLoad (0ms)
				EditorAssembliesLoaded (0ms)
			ExecutionOrderSort2 (0ms)
			AwakeInstancesAfterBackupRestoration (0ms)
Platform modules already initialized, skipping
Registering precompiled user dll's ...
Registered in 0.009955 seconds.
Begin MonoManager ReloadAssembly
Symbol file LoadedFromMemory doesn't match image C:\Users\maksi\Game\Psyco\Library\PackageCache\com.unity.visualscripting@1.7.8\Editor\VisualScripting.Core\Dependencies\YamlDotNet\Unity.VisualScripting.YamlDotNet.dll
Symbol file LoadedFromMemory doesn't match image C:\Users\maksi\Game\Psyco\Library\PackageCache\com.unity.visualscripting@1.7.8\Editor\VisualScripting.Core\Dependencies\DotNetZip\Unity.VisualScripting.IonicZip.dll
Native extension for WindowsStandalone target not found
Native extension for WebGL target not found
Refreshing native plugins compatible for Editor in 161.65 ms, found 4 plugins.
Preloading 0 native plugins for Editor in 0.00 ms.
System.Exception: Error! Visual Scripting: couldn't find visual scripting package
  at Unity.VisualScripting.PackageVersionUtility.get_version () [0x00043] in C:\Users\maksi\Game\Psyco\Library\PackageCache\com.unity.visualscripting@1.7.8\Editor\VisualScripting.Core\Utilities\PackageVersionUtility.cs:31 
  at Unity.VisualScripting.BoltCoreManifest.get_version () [0x00000] in C:\Users\maksi\Game\Psyco\Library\PackageCache\com.unity.visualscripting@1.7.8\Editor\VisualScripting.Core\Plugin\BoltCoreManifest.cs:11 
  at Unity.VisualScripting.PluginManifest.get_currentVersion () [0x00000] in C:\Users\maksi\Game\Psyco\Library\PackageCache\com.unity.visualscripting@1.7.8\Editor\VisualScripting.Core\Plugins\PluginManifest.cs:33 
  at Unity.VisualScripting.PluginManifest.get_versionMismatch () [0x00000] in C:\Users\maksi\Game\Psyco\Library\PackageCache\com.unity.visualscripting@1.7.8\Editor\VisualScripting.Core\Plugins\PluginManifest.cs:48 
  at Unity.VisualScripting.PluginContainer.Initialize () [0x00525] in C:\Users\maksi\Game\Psyco\Library\PackageCache\com.unity.visualscripting@1.7.8\Editor\VisualScripting.Core\Plugins\PluginContainer.cs:208 
  at Unity.VisualScripting.PluginContainer.InitializeOnLoad () [0x00009] in C:\Users\maksi\Game\Psyco\Library\PackageCache\com.unity.visualscripting@1.7.8\Editor\VisualScripting.Core\Plugins\PluginContainer.cs:32 
  at Unity.VisualScripting.VSUsageUtility.DoInitializeOnLoadCalls () [0x00034] in C:\Users\maksi\Game\Psyco\Library\PackageCache\com.unity.visualscripting@1.7.8\Editor\VisualScripting.Core\Utilities\VSUsageUtility.cs:76 
  at Unity.VisualScripting.VSUsageUtility.set_isVisualScriptingUsed (System.Boolean value) [0x0002c] in C:\Users\maksi\Game\Psyco\Library\PackageCache\com.unity.visualscripting@1.7.8\Editor\VisualScripting.Core\Utilities\VSUsageUtility.cs:114 
  at Unity.VisualScripting.VSUsageUtility.CheckAndSetIsVisualScriptingUsed () [0x00032] in C:\Users\maksi\Game\Psyco\Library\PackageCache\com.unity.visualscripting@1.7.8\Editor\VisualScripting.Core\Utilities\VSUsageUtility.cs:48 
  at Unity.VisualScripting.VSUsageUtility..cctor () [0x00000] in C:\Users\maksi\Game\Psyco\Library\PackageCache\com.unity.visualscripting@1.7.8\Editor\VisualScripting.Core\Utilities\VSUsageUtility.cs:22 
UnityEngine.StackTraceUtility:ExtractStackTrace ()
UnityEngine.DebugLogHandler:LogFormat (UnityEngine.LogType,UnityEngine.Object,string,object[])
UnityEngine.Logger:Log (UnityEngine.LogType,object)
UnityEngine.Debug:LogError (object)
UnityEditor.EditorAssemblies:ProcessInitializeOnLoadAttributes (System.Type[])

Mono: successfully reloaded assembly
- Completed reload, in  2.310 seconds
Domain Reload Profiling:
	ReloadAssembly (2311ms)
		BeginReloadAssembly (124ms)
			ExecutionOrderSort (0ms)
			DisableScriptedObjects (7ms)
			BackupInstance (0ms)
			ReleaseScriptingObjects (0ms)
			CreateAndSetChildDomain (21ms)
		EndReloadAssembly (2059ms)
			LoadAssemblies (118ms)
			RebuildTransferFunctionScriptingTraits (0ms)
			SetupTypeCache (422ms)
			ReleaseScriptCaches (1ms)
			RebuildScriptCaches (122ms)
			SetupLoadedEditorAssemblies (1328ms)
				LogAssemblyErrors (0ms)
				InitializePlatformSupportModulesInManaged (14ms)
				SetLoadedEditorAssemblies (0ms)
				RefreshPlugins (162ms)
				BeforeProcessingInitializeOnLoad (154ms)
				ProcessInitializeOnLoadAttributes (888ms)
				ProcessInitializeOnLoadMethodAttributes (101ms)
				AfterProcessingInitializeOnLoad (9ms)
				EditorAssembliesLoaded (0ms)
			ExecutionOrderSort2 (0ms)
			AwakeInstancesAfterBackupRestoration (5ms)
Platform modules already initialized, skipping
========================================================================
Worker process is ready to serve import requests
Launched and connected shader compiler UnityShaderCompiler.exe after 0.05 seconds
Refreshing native plugins compatible for Editor in 1.32 ms, found 4 plugins.
Preloading 0 native plugins for Editor in 0.00 ms.
Unloading 6724 Unused Serialized files (Serialized files now loaded: 0)
Unloading 67 unused Assets / (2.7 MB). Loaded Objects now: 7207.
Memory consumption went from 367.4 MB to 364.7 MB.
Total: 18.294600 ms (FindLiveObjects: 0.620000 ms CreateObjectMapping: 0.187000 ms MarkObjects: 16.766800 ms  DeleteObjects: 0.719200 ms)

AssetImportParameters requested are different than current active one (requested -> active):
  custom:video-decoder-ogg-theora: a1e56fd34408186e4bbccfd4996cb3dc -> 
  custom:container-muxer-webm: aa71ff27fc2769a1b78a27578f13a17b -> 
  custom:container-demuxer-webm: 4f35f7cbe854078d1ac9338744f61a02 -> 
  custom:video-encoder-webm-vp8: eb34c28f22e8b96e1ab97ce403110664 -> 
  custom:audio-encoder-webm-vorbis: bf7c407c2cedff20999df2af8eb42d56 -> 
  custom:framework-win-MediaFoundation: 216162199b28c13a410421893ffa2e32 -> 
  custom:container-demuxer-ogg: 62fdf1f143b41e24485cea50d1cbac27 -> 
  custom:video-decoder-webm-vp8: 9c59270c3fd7afecdb556c50c9e8de78 -> 
  custom:audio-decoder-ogg-vorbis: bf7c407c2cedff20999df2af8eb42d56 -> 
========================================================================
Received Import Request.
  Time since last request: 928318.377286 seconds.
  path: Packages/com.unity.render-pipelines.universal/Runtime/Data/PostProcessData.asset
  artifactKey: Guid(41439944d30ece34e96484bdb6645b55) Importer(815301076,1909f56bfc062723c751e8b465ee728b)
Start importing Packages/com.unity.render-pipelines.universal/Runtime/Data/PostProcessData.asset using Guid(41439944d30ece34e96484bdb6645b55) Importer(815301076,1909f56bfc062723c751e8b465ee728b)  -> (artifact id: '4ecafa25ee307e70947cc83f0e979121') in 0.061721 seconds 
========================================================================
Received Import Request.
  Time since last request: 4.693322 seconds.
  path: Packages/com.unity.render-pipelines.universal/Editor/Unity.RenderPipelines.Universal.Editor.asmdef
  artifactKey: Guid(c579267770062bf448e75eb160330b7f) Importer(815301076,1909f56bfc062723c751e8b465ee728b)
Start importing Packages/com.unity.render-pipelines.universal/Editor/Unity.RenderPipelines.Universal.Editor.asmdef using Guid(c579267770062bf448e75eb160330b7f) Importer(815301076,1909f56bfc062723c751e8b465ee728b)  -> (artifact id: 'c4c8e5dfd1fd3c0a6b570129f76028d7') in 0.009339 seconds 
========================================================================
Received Import Request.
  Time since last request: 0.348846 seconds.
  path: Packages/com.unity.render-pipelines.universal/package.json
  artifactKey: Guid(30648b8d550465f4bb77f1e1afd0b37d) Importer(815301076,1909f56bfc062723c751e8b465ee728b)
Start importing Packages/com.unity.render-pipelines.universal/package.json using Guid(30648b8d550465f4bb77f1e1afd0b37d) Importer(815301076,1909f56bfc062723c751e8b465ee728b)  -> (artifact id: '1c646cf3aa2caba4406455707898d39c') in 0.025464 seconds 
========================================================================
Received Prepare
Registering precompiled user dll's ...
Registered in 0.009794 seconds.
Begin MonoManager ReloadAssembly
Symbol file LoadedFromMemory doesn't match image C:\Users\maksi\Game\Psyco\Library\PackageCache\com.unity.visualscripting@1.7.8\Editor\VisualScripting.Core\Dependencies\YamlDotNet\Unity.VisualScripting.YamlDotNet.dll
Symbol file LoadedFromMemory doesn't match image C:\Users\maksi\Game\Psyco\Library\PackageCache\com.unity.visualscripting@1.7.8\Editor\VisualScripting.Core\Dependencies\DotNetZip\Unity.VisualScripting.IonicZip.dll
Native extension for WindowsStandalone target not found
Native extension for WebGL target not found
Refreshing native plugins compatible for Editor in 2.26 ms, found 4 plugins.
Preloading 0 native plugins for Editor in 0.00 ms.
System.Exception: Error! Visual Scripting: couldn't find visual scripting package
  at Unity.VisualScripting.PackageVersionUtility.get_version () [0x00043] in C:\Users\maksi\Game\Psyco\Library\PackageCache\com.unity.visualscripting@1.7.8\Editor\VisualScripting.Core\Utilities\PackageVersionUtility.cs:31 
  at Unity.VisualScripting.BoltCoreManifest.get_version () [0x00000] in C:\Users\maksi\Game\Psyco\Library\PackageCache\com.unity.visualscripting@1.7.8\Editor\VisualScripting.Core\Plugin\BoltCoreManifest.cs:11 
  at Unity.VisualScripting.PluginManifest.get_currentVersion () [0x00000] in C:\Users\maksi\Game\Psyco\Library\PackageCache\com.unity.visualscripting@1.7.8\Editor\VisualScripting.Core\Plugins\PluginManifest.cs:33 
  at Unity.VisualScripting.PluginManifest.get_versionMismatch () [0x00000] in C:\Users\maksi\Game\Psyco\Library\PackageCache\com.unity.visualscripting@1.7.8\Editor\VisualScripting.Core\Plugins\PluginManifest.cs:48 
  at Unity.VisualScripting.PluginContainer.Initialize () [0x00525] in C:\Users\maksi\Game\Psyco\Library\PackageCache\com.unity.visualscripting@1.7.8\Editor\VisualScripting.Core\Plugins\PluginContainer.cs:208 
  at Unity.VisualScripting.PluginContainer.InitializeOnLoad () [0x00009] in C:\Users\maksi\Game\Psyco\Library\PackageCache\com.unity.visualscripting@1.7.8\Editor\VisualScripting.Core\Plugins\PluginContainer.cs:32 
  at Unity.VisualScripting.VSUsageUtility.DoInitializeOnLoadCalls () [0x00034] in C:\Users\maksi\Game\Psyco\Library\PackageCache\com.unity.visualscripting@1.7.8\Editor\VisualScripting.Core\Utilities\VSUsageUtility.cs:76 
  at Unity.VisualScripting.VSUsageUtility.set_isVisualScriptingUsed (System.Boolean value) [0x0002c] in C:\Users\maksi\Game\Psyco\Library\PackageCache\com.unity.visualscripting@1.7.8\Editor\VisualScripting.Core\Utilities\VSUsageUtility.cs:114 
  at Unity.VisualScripting.VSUsageUtility.CheckAndSetIsVisualScriptingUsed () [0x0000d] in C:\Users\maksi\Game\Psyco\Library\PackageCache\com.unity.visualscripting@1.7.8\Editor\VisualScripting.Core\Utilities\VSUsageUtility.cs:33 
  at Unity.VisualScripting.VSUsageUtility..cctor () [0x00000] in C:\Users\maksi\Game\Psyco\Library\PackageCache\com.unity.visualscripting@1.7.8\Editor\VisualScripting.Core\Utilities\VSUsageUtility.cs:22 
UnityEngine.StackTraceUtility:ExtractStackTrace ()
UnityEngine.DebugLogHandler:LogFormat (UnityEngine.LogType,UnityEngine.Object,string,object[])
UnityEngine.Logger:Log (UnityEngine.LogType,object)
UnityEngine.Debug:LogError (object)
UnityEditor.EditorAssemblies:ProcessInitializeOnLoadAttributes (System.Type[])

Mono: successfully reloaded assembly
- Completed reload, in  2.618 seconds
Domain Reload Profiling:
	ReloadAssembly (2619ms)
		BeginReloadAssembly (197ms)
			ExecutionOrderSort (0ms)
			DisableScriptedObjects (10ms)
			BackupInstance (0ms)
			ReleaseScriptingObjects (0ms)
			CreateAndSetChildDomain (60ms)
		EndReloadAssembly (2267ms)
			LoadAssemblies (129ms)
			RebuildTransferFunctionScriptingTraits (0ms)
			SetupTypeCache (494ms)
			ReleaseScriptCaches (4ms)
			RebuildScriptCaches (112ms)
			SetupLoadedEditorAssemblies (1098ms)
				LogAssemblyErrors (0ms)
				InitializePlatformSupportModulesInManaged (20ms)
				SetLoadedEditorAssemblies (1ms)
				RefreshPlugins (2ms)
				BeforeProcessingInitializeOnLoad (154ms)
				ProcessInitializeOnLoadAttributes (770ms)
				ProcessInitializeOnLoadMethodAttributes (139ms)
				AfterProcessingInitializeOnLoad (12ms)
				EditorAssembliesLoaded (0ms)
			ExecutionOrderSort2 (0ms)
			AwakeInstancesAfterBackupRestoration (10ms)
Platform modules already initialized, skipping
Refreshing native plugins compatible for Editor in 6.07 ms, found 4 plugins.
Preloading 0 native plugins for Editor in 0.00 ms.
Unloading 6524 Unused Serialized files (Serialized files now loaded: 0)
Unloading 44 unused Assets / (2.7 MB). Loaded Objects now: 7224.
Memory consumption went from 352.4 MB to 349.7 MB.
Total: 22.348400 ms (FindLiveObjects: 0.632400 ms CreateObjectMapping: 0.266700 ms MarkObjects: 20.327700 ms  DeleteObjects: 1.120100 ms)

AssetImportParameters requested are different than current active one (requested -> active):
  custom:video-decoder-ogg-theora: a1e56fd34408186e4bbccfd4996cb3dc -> 
  custom:container-muxer-webm: aa71ff27fc2769a1b78a27578f13a17b -> 
  custom:container-demuxer-webm: 4f35f7cbe854078d1ac9338744f61a02 -> 
  custom:video-encoder-webm-vp8: eb34c28f22e8b96e1ab97ce403110664 -> 
  custom:audio-encoder-webm-vorbis: bf7c407c2cedff20999df2af8eb42d56 -> 
  custom:framework-win-MediaFoundation: 216162199b28c13a410421893ffa2e32 -> 
  custom:container-demuxer-ogg: 62fdf1f143b41e24485cea50d1cbac27 -> 
  custom:video-decoder-webm-vp8: 9c59270c3fd7afecdb556c50c9e8de78 -> 
  custom:audio-decoder-ogg-vorbis: bf7c407c2cedff20999df2af8eb42d56 -> 
========================================================================
Received Import Request.
  Time since last request: 65.705020 seconds.
  path: Assets/Scenes/UI/Prefabs/BreakableObj.prefab
  artifactKey: Guid(2d4505a144e61d74281474a003ad1044) Importer(815301076,1909f56bfc062723c751e8b465ee728b)
Start importing Assets/Scenes/UI/Prefabs/BreakableObj.prefab using Guid(2d4505a144e61d74281474a003ad1044) Importer(815301076,1909f56bfc062723c751e8b465ee728b)  -> (artifact id: '48517e3134f519f60be6f1e1139a039b') in 0.737293 seconds 
========================================================================
Received Import Request.
  Time since last request: 5.784089 seconds.
  path: Assets/Scenes/Player/Prefabs/Flash.prefab
  artifactKey: Guid(2f6275aa03e73ec448443be3579db8a3) Importer(815301076,1909f56bfc062723c751e8b465ee728b)
Start importing Assets/Scenes/Player/Prefabs/Flash.prefab using Guid(2f6275aa03e73ec448443be3579db8a3) Importer(815301076,1909f56bfc062723c751e8b465ee728b)  -> (artifact id: '94eb3f60439c5c1b1dd05d1451db41bf') in 0.307225 seconds 
========================================================================
Received Import Request.
  Time since last request: 4.642691 seconds.
  path: Assets/Scenes/Player/Prefabs/Syringe.prefab
  artifactKey: Guid(3a6610572c8eee746a8f961b7b282f2f) Importer(815301076,1909f56bfc062723c751e8b465ee728b)
Start importing Assets/Scenes/Player/Prefabs/Syringe.prefab using Guid(3a6610572c8eee746a8f961b7b282f2f) Importer(815301076,1909f56bfc062723c751e8b465ee728b)  -> (artifact id: '3ea2bedea88e3d4f08056a2327a96030') in 0.016517 seconds 
========================================================================
Received Import Request.
  Time since last request: 0.004508 seconds.
  path: Assets/Resources/BulletDamage.png
  artifactKey: Guid(fcb67cd5d218010439b6d4b8cea0586f) Importer(815301076,1909f56bfc062723c751e8b465ee728b)
Start importing Assets/Resources/BulletDamage.png using Guid(fcb67cd5d218010439b6d4b8cea0586f) Importer(815301076,1909f56bfc062723c751e8b465ee728b)  -> (artifact id: '0a5b7040faaf83bb204805fdf5ec46b6') in 0.080691 seconds 
========================================================================
Received Import Request.
  Time since last request: 1.148171 seconds.
  path: Assets/Scenes/Player/Prefabs/Flash.prefab
  artifactKey: Guid(2f6275aa03e73ec448443be3579db8a3) Importer(815301076,1909f56bfc062723c751e8b465ee728b)
Start importing Assets/Scenes/Player/Prefabs/Flash.prefab using Guid(2f6275aa03e73ec448443be3579db8a3) Importer(815301076,1909f56bfc062723c751e8b465ee728b)  -> (artifact id: '4d5eda04a42872984e31f84bb2cd297c') in 0.312323 seconds 
========================================================================
Received Import Request.
  Time since last request: 7.287576 seconds.
  path: Assets/Resources/Beam.png
  artifactKey: Guid(19763962cf519ed4fa42df9b05b4e61f) Importer(815301076,1909f56bfc062723c751e8b465ee728b)
Start importing Assets/Resources/Beam.png using Guid(19763962cf519ed4fa42df9b05b4e61f) Importer(815301076,1909f56bfc062723c751e8b465ee728b)  -> (artifact id: '68e5e6ba2ec3030d697c70ac550530c9') in 0.038575 seconds 
========================================================================
Received Import Request.
  Time since last request: 3.258599 seconds.
  path: Assets/Scenes/Player/Prefabs/Beam.prefab
  artifactKey: Guid(bc6dbbe2be906014a9dd32b2bb9fcedc) Importer(815301076,1909f56bfc062723c751e8b465ee728b)
Start importing Assets/Scenes/Player/Prefabs/Beam.prefab using Guid(bc6dbbe2be906014a9dd32b2bb9fcedc) Importer(815301076,1909f56bfc062723c751e8b465ee728b)  -> (artifact id: 'a118e756124173105863db13115dd949') in 0.016234 seconds 
========================================================================
Received Import Request.
  Time since last request: 0.000029 seconds.
  path: Assets/Scenes/Player/Prefabs/Player.prefab
  artifactKey: Guid(9c33d585a159da54c9ccd5a0fcdf9cb7) Importer(815301076,1909f56bfc062723c751e8b465ee728b)
Start importing Assets/Scenes/Player/Prefabs/Player.prefab using Guid(9c33d585a159da54c9ccd5a0fcdf9cb7) Importer(815301076,1909f56bfc062723c751e8b465ee728b)  -> (artifact id: 'eb37bdec5dedd4d80234844b9b18cdc4') in 0.301439 seconds 
========================================================================
Received Import Request.
  Time since last request: 3.305848 seconds.
  path: Assets/Scenes/Player/Sprites/icons8-web-application-firewall-50.png
  artifactKey: Guid(b6ffa02ba557be84d8d012c2aae74e7c) Importer(815301076,1909f56bfc062723c751e8b465ee728b)
Start importing Assets/Scenes/Player/Sprites/icons8-web-application-firewall-50.png using Guid(b6ffa02ba557be84d8d012c2aae74e7c) Importer(815301076,1909f56bfc062723c751e8b465ee728b)  -> (artifact id: '270841b6be7b151a1f357d1f25a0274c') in 0.023077 seconds 
========================================================================
Received Import Request.
  Time since last request: 2.818835 seconds.
  path: Assets/Scenes/Player/Prefabs/Barrier.prefab
  artifactKey: Guid(de99029f686445044a0c2d799287373b) Importer(815301076,1909f56bfc062723c751e8b465ee728b)
Start importing Assets/Scenes/Player/Prefabs/Barrier.prefab using Guid(de99029f686445044a0c2d799287373b) Importer(815301076,1909f56bfc062723c751e8b465ee728b)  -> (artifact id: '22167be2e81243c9f77f4743ec5bf5c8') in 0.015439 seconds 
========================================================================
Received Import Request.
  Time since last request: 0.000043 seconds.
  path: Assets/Scenes/Player/Prefabs/Player.prefab
  artifactKey: Guid(9c33d585a159da54c9ccd5a0fcdf9cb7) Importer(815301076,1909f56bfc062723c751e8b465ee728b)
Start importing Assets/Scenes/Player/Prefabs/Player.prefab using Guid(9c33d585a159da54c9ccd5a0fcdf9cb7) Importer(815301076,1909f56bfc062723c751e8b465ee728b)  -> (artifact id: '43b7a5bf8bcaecf7923839105205d5cd') in 0.315001 seconds 
========================================================================
Received Import Request.
  Time since last request: 5.450092 seconds.
  path: Assets/Scenes/Player/Sprites/bomb.png
  artifactKey: Guid(e836eb96448593547870a3b7d224874d) Importer(815301076,1909f56bfc062723c751e8b465ee728b)
Start importing Assets/Scenes/Player/Sprites/bomb.png using Guid(e836eb96448593547870a3b7d224874d) Importer(815301076,1909f56bfc062723c751e8b465ee728b)  -> (artifact id: '7da6b268fbe82b5bf55e86becea87a05') in 0.044834 seconds 
========================================================================
Received Import Request.
  Time since last request: 2.671870 seconds.
  path: Assets/Scenes/Player/Prefabs/Bomb.prefab
  artifactKey: Guid(f39d8d106439fe542a7b30c64142ffb9) Importer(815301076,1909f56bfc062723c751e8b465ee728b)
Start importing Assets/Scenes/Player/Prefabs/Bomb.prefab using Guid(f39d8d106439fe542a7b30c64142ffb9) Importer(815301076,1909f56bfc062723c751e8b465ee728b)  -> (artifact id: '28eea34df1a81e3fe79c242c3be9cecc') in 0.016404 seconds 
========================================================================
Received Import Request.
  Time since last request: 0.000027 seconds.
  path: Assets/Scenes/Player/Prefabs/Player.prefab
  artifactKey: Guid(9c33d585a159da54c9ccd5a0fcdf9cb7) Importer(815301076,1909f56bfc062723c751e8b465ee728b)
Start importing Assets/Scenes/Player/Prefabs/Player.prefab using Guid(9c33d585a159da54c9ccd5a0fcdf9cb7) Importer(815301076,1909f56bfc062723c751e8b465ee728b)  -> (artifact id: '7344ea1e3eff0cb8e990301bfbd111fb') in 0.307594 seconds 
========================================================================
Received Import Request.
  Time since last request: 10.977645 seconds.
  path: Assets/Resources/Lightning.png
  artifactKey: Guid(df93d3a7aa8c6cb409a4afc4c31268c0) Importer(815301076,1909f56bfc062723c751e8b465ee728b)
Start importing Assets/Resources/Lightning.png using Guid(df93d3a7aa8c6cb409a4afc4c31268c0) Importer(815301076,1909f56bfc062723c751e8b465ee728b)  -> (artifact id: '8de2c5aa66e60674aeac1843f7ccbaf1') in 0.066032 seconds 
========================================================================
Received Import Request.
  Time since last request: 5.038554 seconds.
  path: Assets/Scenes/Player/Prefabs/Flash.prefab
  artifactKey: Guid(2f6275aa03e73ec448443be3579db8a3) Importer(815301076,1909f56bfc062723c751e8b465ee728b)
Start importing Assets/Scenes/Player/Prefabs/Flash.prefab using Guid(2f6275aa03e73ec448443be3579db8a3) Importer(815301076,1909f56bfc062723c751e8b465ee728b)  -> (artifact id: 'c20d3063f8da5718aae087bcc1fc688c') in 0.303066 seconds 
========================================================================
Received Import Request.
  Time since last request: 26.082165 seconds.
  path: Assets/Scenes/Player/Prefabs/Flash.prefab
  artifactKey: Guid(2f6275aa03e73ec448443be3579db8a3) Importer(815301076,1909f56bfc062723c751e8b465ee728b)
Start importing Assets/Scenes/Player/Prefabs/Flash.prefab using Guid(2f6275aa03e73ec448443be3579db8a3) Importer(815301076,1909f56bfc062723c751e8b465ee728b)  -> (artifact id: '03af1987188c98ad6d8912797086832b') in 0.318518 seconds 
========================================================================
Received Import Request.
  Time since last request: 7.255673 seconds.
  path: Assets/Resources/Meteor.png
  artifactKey: Guid(c7a5c4090c90f2e49a99973c64a66c9b) Importer(815301076,1909f56bfc062723c751e8b465ee728b)
Start importing Assets/Resources/Meteor.png using Guid(c7a5c4090c90f2e49a99973c64a66c9b) Importer(815301076,1909f56bfc062723c751e8b465ee728b)  -> (artifact id: 'bc2acceec261841091ca69bafecba1a8') in 0.020238 seconds 
========================================================================
Received Import Request.
  Time since last request: 2.033711 seconds.
  path: Assets/Scenes/Player/Prefabs/Flash.prefab
  artifactKey: Guid(2f6275aa03e73ec448443be3579db8a3) Importer(815301076,1909f56bfc062723c751e8b465ee728b)
Start importing Assets/Scenes/Player/Prefabs/Flash.prefab using Guid(2f6275aa03e73ec448443be3579db8a3) Importer(815301076,1909f56bfc062723c751e8b465ee728b)  -> (artifact id: '83c78b8df53918bba731c2496eb252cb') in 0.301656 seconds 
========================================================================
Received Import Request.
  Time since last request: 5.067063 seconds.
  path: Assets/Resources/Pill.png
  artifactKey: Guid(7997cf22a5e9edc44958e8faa242ce42) Importer(815301076,1909f56bfc062723c751e8b465ee728b)
Start importing Assets/Resources/Pill.png using Guid(7997cf22a5e9edc44958e8faa242ce42) Importer(815301076,1909f56bfc062723c751e8b465ee728b)  -> (artifact id: '2adac0726678cf423a5e341408f71553') in 0.023633 seconds 
========================================================================
Received Import Request.
  Time since last request: 1.831670 seconds.
  path: Assets/Scenes/Player/Prefabs/Flash.prefab
  artifactKey: Guid(2f6275aa03e73ec448443be3579db8a3) Importer(815301076,1909f56bfc062723c751e8b465ee728b)
Start importing Assets/Scenes/Player/Prefabs/Flash.prefab using Guid(2f6275aa03e73ec448443be3579db8a3) Importer(815301076,1909f56bfc062723c751e8b465ee728b)  -> (artifact id: 'eda201c88724d336923c238ff60345e3') in 0.299939 seconds 
========================================================================
Received Import Request.
  Time since last request: 4.819154 seconds.
  path: Assets/Resources/Puddle.png
  artifactKey: Guid(40c600d109a87d5498330dda9167a354) Importer(815301076,1909f56bfc062723c751e8b465ee728b)
Start importing Assets/Resources/Puddle.png using Guid(40c600d109a87d5498330dda9167a354) Importer(815301076,1909f56bfc062723c751e8b465ee728b)  -> (artifact id: '6343770d675b3d689cf816303b77bdfb') in 0.035432 seconds 
========================================================================
Received Import Request.
  Time since last request: 0.705569 seconds.
  path: Assets/Scenes/Player/Prefabs/Flash.prefab
  artifactKey: Guid(2f6275aa03e73ec448443be3579db8a3) Importer(815301076,1909f56bfc062723c751e8b465ee728b)
Start importing Assets/Scenes/Player/Prefabs/Flash.prefab using Guid(2f6275aa03e73ec448443be3579db8a3) Importer(815301076,1909f56bfc062723c751e8b465ee728b)  -> (artifact id: '63fb586bc708eaca1ee2d88630d17eda') in 0.300568 seconds 
========================================================================
Received Import Request.
  Time since last request: 0.000038 seconds.
  path: Assets/Scenes/Player/Prefabs/PuddleOfBlood.prefab
  artifactKey: Guid(f385cf86b8d05d846ac406a913a29624) Importer(815301076,1909f56bfc062723c751e8b465ee728b)
Start importing Assets/Scenes/Player/Prefabs/PuddleOfBlood.prefab using Guid(f385cf86b8d05d846ac406a913a29624) Importer(815301076,1909f56bfc062723c751e8b465ee728b)  -> (artifact id: '8b26089fd74b3595bb0c01e7c018dd60') in 0.015433 seconds 
========================================================================
Received Import Request.
  Time since last request: 3.947979 seconds.
  path: Assets/Scenes/Player/Sprites/stone.png
  artifactKey: Guid(63bc552d2ad807a49a963d9083327eb4) Importer(815301076,1909f56bfc062723c751e8b465ee728b)
Start importing Assets/Scenes/Player/Sprites/stone.png using Guid(63bc552d2ad807a49a963d9083327eb4) Importer(815301076,1909f56bfc062723c751e8b465ee728b)  -> (artifact id: 'd3b97085bbc956b6f736ec614855ba5a') in 0.026675 seconds 
========================================================================
Received Import Request.
  Time since last request: 1.541032 seconds.
  path: Assets/Scenes/Player/Prefabs/Flash.prefab
  artifactKey: Guid(2f6275aa03e73ec448443be3579db8a3) Importer(815301076,1909f56bfc062723c751e8b465ee728b)
Start importing Assets/Scenes/Player/Prefabs/Flash.prefab using Guid(2f6275aa03e73ec448443be3579db8a3) Importer(815301076,1909f56bfc062723c751e8b465ee728b)  -> (artifact id: 'a02ae46fb880baa1ad2e17bd3286e574') in 0.297944 seconds 
========================================================================
Received Import Request.
  Time since last request: 0.000036 seconds.
  path: Assets/Scenes/Player/Prefabs/Shield.prefab
  artifactKey: Guid(ca1e24cf9f3f9c440b379e6c3ffacda9) Importer(815301076,1909f56bfc062723c751e8b465ee728b)
Start importing Assets/Scenes/Player/Prefabs/Shield.prefab using Guid(ca1e24cf9f3f9c440b379e6c3ffacda9) Importer(815301076,1909f56bfc062723c751e8b465ee728b)  -> (artifact id: '6297313a4ed666b9fe1dfb693918eb4c') in 0.017619 seconds 
========================================================================
Received Import Request.
  Time since last request: 7.117851 seconds.
  path: Assets/Resources/кнопка кругла.png
  artifactKey: Guid(a21fdaa365a0333409b4656e34f1b4e3) Importer(815301076,1909f56bfc062723c751e8b465ee728b)
Start importing Assets/Resources/кнопка кругла.png using Guid(a21fdaa365a0333409b4656e34f1b4e3) Importer(815301076,1909f56bfc062723c751e8b465ee728b)  -> (artifact id: 'b12b5aef493bdafb67c8eda8a4dd4234') in 0.023578 seconds 
========================================================================
Received Import Request.
  Time since last request: 0.824757 seconds.
  path: Assets/Scenes/Player/Prefabs/Flash.prefab
  artifactKey: Guid(2f6275aa03e73ec448443be3579db8a3) Importer(815301076,1909f56bfc062723c751e8b465ee728b)
Start importing Assets/Scenes/Player/Prefabs/Flash.prefab using Guid(2f6275aa03e73ec448443be3579db8a3) Importer(815301076,1909f56bfc062723c751e8b465ee728b)  -> (artifact id: 'fe9846b69fa62854b2071312c09c7c08') in 0.299735 seconds 
========================================================================
Received Import Request.
  Time since last request: 0.000042 seconds.
  path: Assets/Scenes/Player/Prefabs/SlowArea.prefab
  artifactKey: Guid(f8fdadc8cffe5994489e37bb25ca8c67) Importer(815301076,1909f56bfc062723c751e8b465ee728b)
Start importing Assets/Scenes/Player/Prefabs/SlowArea.prefab using Guid(f8fdadc8cffe5994489e37bb25ca8c67) Importer(815301076,1909f56bfc062723c751e8b465ee728b)  -> (artifact id: '2b41c3783d85c5520392f84eec39371f') in 0.017076 seconds 
========================================================================
Received Import Request.
  Time since last request: 6.790159 seconds.
  path: Assets/Resources/Tower.png
  artifactKey: Guid(cbedeaefeb1c15d409f06953f523c31b) Importer(815301076,1909f56bfc062723c751e8b465ee728b)
Start importing Assets/Resources/Tower.png using Guid(cbedeaefeb1c15d409f06953f523c31b) Importer(815301076,1909f56bfc062723c751e8b465ee728b)  -> (artifact id: '7c91cc16b15d5c499097fb0f4edf0648') in 0.025327 seconds 
========================================================================
Received Import Request.
  Time since last request: 0.986193 seconds.
  path: Assets/Scenes/Player/Prefabs/Flash.prefab
  artifactKey: Guid(2f6275aa03e73ec448443be3579db8a3) Importer(815301076,1909f56bfc062723c751e8b465ee728b)
Start importing Assets/Scenes/Player/Prefabs/Flash.prefab using Guid(2f6275aa03e73ec448443be3579db8a3) Importer(815301076,1909f56bfc062723c751e8b465ee728b)  -> (artifact id: '766a8a3375dd4cf0ec7ec157210a3fdc') in 0.316269 seconds 
========================================================================
Received Import Request.
  Time since last request: 0.000046 seconds.
  path: Assets/Scenes/Player/Prefabs/Tower.prefab
  artifactKey: Guid(616a22a5ca5edc14babd35bbf2552287) Importer(815301076,1909f56bfc062723c751e8b465ee728b)
Start importing Assets/Scenes/Player/Prefabs/Tower.prefab using Guid(616a22a5ca5edc14babd35bbf2552287) Importer(815301076,1909f56bfc062723c751e8b465ee728b)  -> (artifact id: '771c4c3d634b84fb1945899f67fd8537') in 0.012147 seconds 
========================================================================
Received Import Request.
  Time since last request: 14.919703 seconds.
  path: Assets/Scenes/Player/Prefabs/Flash.prefab
  artifactKey: Guid(2f6275aa03e73ec448443be3579db8a3) Importer(815301076,1909f56bfc062723c751e8b465ee728b)
Start importing Assets/Scenes/Player/Prefabs/Flash.prefab using Guid(2f6275aa03e73ec448443be3579db8a3) Importer(815301076,1909f56bfc062723c751e8b465ee728b)  -> (artifact id: '9e261f50ea66d92b24a3eec2115ed4f1') in 0.309496 seconds 
========================================================================
Received Import Request.
  Time since last request: 0.000059 seconds.
  path: Assets/Scenes/Player/Prefabs/WaveTower.prefab
  artifactKey: Guid(0d178b44c5f5dce4d9a1d065c298e86e) Importer(815301076,1909f56bfc062723c751e8b465ee728b)
Start importing Assets/Scenes/Player/Prefabs/WaveTower.prefab using Guid(0d178b44c5f5dce4d9a1d065c298e86e) Importer(815301076,1909f56bfc062723c751e8b465ee728b)  -> (artifact id: 'fdb56e22b7d70570b8955b4bf448bc3e') in 0.017315 seconds 
========================================================================
Received Import Request.
  Time since last request: 4.796908 seconds.
  path: Assets/Scenes/Player/Sprites/pngtree-abstract-wave-business-logo-png-image_747821-removebg-preview.png
  artifactKey: Guid(94a82d8eb6f684c4ebbe049a2f86fe7a) Importer(815301076,1909f56bfc062723c751e8b465ee728b)
Start importing Assets/Scenes/Player/Sprites/pngtree-abstract-wave-business-logo-png-image_747821-removebg-preview.png using Guid(94a82d8eb6f684c4ebbe049a2f86fe7a) Importer(815301076,1909f56bfc062723c751e8b465ee728b)  -> (artifact id: '5c7356dcf1171386f4d24dfb4b711b73') in 0.029493 seconds 
========================================================================
Received Import Request.
  Time since last request: 15.360792 seconds.
  path: Assets/Scenes/Player/Sprites/Main character/fire hat/fire9.png
  artifactKey: Guid(cc58e2e41ea4a0b4bb3aadabdec1e132) Importer(815301076,1909f56bfc062723c751e8b465ee728b)
Start importing Assets/Scenes/Player/Sprites/Main character/fire hat/fire9.png using Guid(cc58e2e41ea4a0b4bb3aadabdec1e132) Importer(815301076,1909f56bfc062723c751e8b465ee728b)  -> (artifact id: 'dd94da59a8b497ca0dabf77d15092dad') in 0.023497 seconds 
========================================================================
Received Import Request.
  Time since last request: 2.039121 seconds.
  path: Assets/Scenes/Player/Prefabs/Flash.prefab
  artifactKey: Guid(2f6275aa03e73ec448443be3579db8a3) Importer(815301076,1909f56bfc062723c751e8b465ee728b)
Start importing Assets/Scenes/Player/Prefabs/Flash.prefab using Guid(2f6275aa03e73ec448443be3579db8a3) Importer(815301076,1909f56bfc062723c751e8b465ee728b)  -> (artifact id: 'b7d550834be9ca0d5779768c3170f02b') in 0.304981 seconds 
========================================================================
Received Import Request.
  Time since last request: 0.000055 seconds.
  path: Assets/Scenes/Player/Prefabs/Wave.prefab
  artifactKey: Guid(07ec648f247aff34ca1230010d643d86) Importer(815301076,1909f56bfc062723c751e8b465ee728b)
Start importing Assets/Scenes/Player/Prefabs/Wave.prefab using Guid(07ec648f247aff34ca1230010d643d86) Importer(815301076,1909f56bfc062723c751e8b465ee728b)  -> (artifact id: '9becb9c92ed6624967473ae7196d1b8d') in 0.026636 seconds 
========================================================================
Received Import Request.
  Time since last request: 16.666561 seconds.
  path: Assets/Scenes/Player/Sprites/zzap.png
  artifactKey: Guid(5df5830ca1c4c464aaecef4af4b013fd) Importer(815301076,1909f56bfc062723c751e8b465ee728b)
Start importing Assets/Scenes/Player/Sprites/zzap.png using Guid(5df5830ca1c4c464aaecef4af4b013fd) Importer(815301076,1909f56bfc062723c751e8b465ee728b)  -> (artifact id: '2998d8853517532552425326ee292dd4') in 0.026431 seconds 
========================================================================
Received Import Request.
  Time since last request: 2.360372 seconds.
  path: Assets/Scenes/Player/Prefabs/Flash.prefab
  artifactKey: Guid(2f6275aa03e73ec448443be3579db8a3) Importer(815301076,1909f56bfc062723c751e8b465ee728b)
Start importing Assets/Scenes/Player/Prefabs/Flash.prefab using Guid(2f6275aa03e73ec448443be3579db8a3) Importer(815301076,1909f56bfc062723c751e8b465ee728b)  -> (artifact id: '35eb2fdc62c5434ec5f99818605ca29f') in 0.296330 seconds 
========================================================================
Received Import Request.
  Time since last request: 0.000035 seconds.
  path: Assets/Scenes/Player/Prefabs/Zzap.prefab
  artifactKey: Guid(32c068d7b8873934c983e0b340915a9a) Importer(815301076,1909f56bfc062723c751e8b465ee728b)
Start importing Assets/Scenes/Player/Prefabs/Zzap.prefab using Guid(32c068d7b8873934c983e0b340915a9a) Importer(815301076,1909f56bfc062723c751e8b465ee728b)  -> (artifact id: 'b67fd37498fc653b25be5fd83147ce6e') in 0.014440 seconds 
========================================================================
Received Prepare
Registering precompiled user dll's ...
Registered in 0.009133 seconds.
Begin MonoManager ReloadAssembly
Symbol file LoadedFromMemory doesn't match image C:\Users\maksi\Game\Psyco\Library\PackageCache\com.unity.visualscripting@1.7.8\Editor\VisualScripting.Core\Dependencies\YamlDotNet\Unity.VisualScripting.YamlDotNet.dll
Symbol file LoadedFromMemory doesn't match image C:\Users\maksi\Game\Psyco\Library\PackageCache\com.unity.visualscripting@1.7.8\Editor\VisualScripting.Core\Dependencies\DotNetZip\Unity.VisualScripting.IonicZip.dll
Native extension for WindowsStandalone target not found
Native extension for WebGL target not found
Refreshing native plugins compatible for Editor in 2.35 ms, found 4 plugins.
Preloading 0 native plugins for Editor in 0.00 ms.
System.Exception: Error! Visual Scripting: couldn't find visual scripting package
  at Unity.VisualScripting.PackageVersionUtility.get_version () [0x00043] in C:\Users\maksi\Game\Psyco\Library\PackageCache\com.unity.visualscripting@1.7.8\Editor\VisualScripting.Core\Utilities\PackageVersionUtility.cs:31 
  at Unity.VisualScripting.BoltCoreManifest.get_version () [0x00000] in C:\Users\maksi\Game\Psyco\Library\PackageCache\com.unity.visualscripting@1.7.8\Editor\VisualScripting.Core\Plugin\BoltCoreManifest.cs:11 
  at Unity.VisualScripting.PluginManifest.get_currentVersion () [0x00000] in C:\Users\maksi\Game\Psyco\Library\PackageCache\com.unity.visualscripting@1.7.8\Editor\VisualScripting.Core\Plugins\PluginManifest.cs:33 
  at Unity.VisualScripting.PluginManifest.get_versionMismatch () [0x00000] in C:\Users\maksi\Game\Psyco\Library\PackageCache\com.unity.visualscripting@1.7.8\Editor\VisualScripting.Core\Plugins\PluginManifest.cs:48 
  at Unity.VisualScripting.PluginContainer.Initialize () [0x00525] in C:\Users\maksi\Game\Psyco\Library\PackageCache\com.unity.visualscripting@1.7.8\Editor\VisualScripting.Core\Plugins\PluginContainer.cs:208 
  at Unity.VisualScripting.PluginContainer.InitializeOnLoad () [0x00009] in C:\Users\maksi\Game\Psyco\Library\PackageCache\com.unity.visualscripting@1.7.8\Editor\VisualScripting.Core\Plugins\PluginContainer.cs:32 
  at Unity.VisualScripting.VSUsageUtility.DoInitializeOnLoadCalls () [0x00034] in C:\Users\maksi\Game\Psyco\Library\PackageCache\com.unity.visualscripting@1.7.8\Editor\VisualScripting.Core\Utilities\VSUsageUtility.cs:76 
  at Unity.VisualScripting.VSUsageUtility.set_isVisualScriptingUsed (System.Boolean value) [0x0002c] in C:\Users\maksi\Game\Psyco\Library\PackageCache\com.unity.visualscripting@1.7.8\Editor\VisualScripting.Core\Utilities\VSUsageUtility.cs:114 
  at Unity.VisualScripting.VSUsageUtility.CheckAndSetIsVisualScriptingUsed () [0x0000d] in C:\Users\maksi\Game\Psyco\Library\PackageCache\com.unity.visualscripting@1.7.8\Editor\VisualScripting.Core\Utilities\VSUsageUtility.cs:33 
  at Unity.VisualScripting.VSUsageUtility..cctor () [0x00000] in C:\Users\maksi\Game\Psyco\Library\PackageCache\com.unity.visualscripting@1.7.8\Editor\VisualScripting.Core\Utilities\VSUsageUtility.cs:22 
UnityEngine.StackTraceUtility:ExtractStackTrace ()
UnityEngine.DebugLogHandler:LogFormat (UnityEngine.LogType,UnityEngine.Object,string,object[])
UnityEngine.Logger:Log (UnityEngine.LogType,object)
UnityEngine.Debug:LogError (object)
UnityEditor.EditorAssemblies:ProcessInitializeOnLoadAttributes (System.Type[])

Mono: successfully reloaded assembly
- Completed reload, in  2.345 seconds
Domain Reload Profiling:
	ReloadAssembly (2346ms)
		BeginReloadAssembly (204ms)
			ExecutionOrderSort (0ms)
			DisableScriptedObjects (10ms)
			BackupInstance (0ms)
			ReleaseScriptingObjects (0ms)
			CreateAndSetChildDomain (69ms)
		EndReloadAssembly (2008ms)
			LoadAssemblies (116ms)
			RebuildTransferFunctionScriptingTraits (0ms)
			SetupTypeCache (367ms)
			ReleaseScriptCaches (3ms)
			RebuildScriptCaches (98ms)
			SetupLoadedEditorAssemblies (993ms)
				LogAssemblyErrors (0ms)
				InitializePlatformSupportModulesInManaged (17ms)
				SetLoadedEditorAssemblies (1ms)
				RefreshPlugins (2ms)
				BeforeProcessingInitializeOnLoad (152ms)
				ProcessInitializeOnLoadAttributes (693ms)
				ProcessInitializeOnLoadMethodAttributes (118ms)
				AfterProcessingInitializeOnLoad (10ms)
				EditorAssembliesLoaded (0ms)
			ExecutionOrderSort2 (0ms)
			AwakeInstancesAfterBackupRestoration (16ms)
Platform modules already initialized, skipping
Refreshing native plugins compatible for Editor in 5.10 ms, found 4 plugins.
Preloading 0 native plugins for Editor in 0.00 ms.
Unloading 6532 Unused Serialized files (Serialized files now loaded: 0)
Unloading 45 unused Assets / (2.7 MB). Loaded Objects now: 7329.
Memory consumption went from 360.9 MB to 358.2 MB.
Total: 19.091700 ms (FindLiveObjects: 0.607500 ms CreateObjectMapping: 0.200600 ms MarkObjects: 17.354400 ms  DeleteObjects: 0.927500 ms)

AssetImportParameters requested are different than current active one (requested -> active):
  custom:video-decoder-ogg-theora: a1e56fd34408186e4bbccfd4996cb3dc -> 
  custom:container-muxer-webm: aa71ff27fc2769a1b78a27578f13a17b -> 
  custom:container-demuxer-webm: 4f35f7cbe854078d1ac9338744f61a02 -> 
  custom:video-encoder-webm-vp8: eb34c28f22e8b96e1ab97ce403110664 -> 
  custom:audio-encoder-webm-vorbis: bf7c407c2cedff20999df2af8eb42d56 -> 
  custom:framework-win-MediaFoundation: 216162199b28c13a410421893ffa2e32 -> 
  custom:container-demuxer-ogg: 62fdf1f143b41e24485cea50d1cbac27 -> 
  custom:video-decoder-webm-vp8: 9c59270c3fd7afecdb556c50c9e8de78 -> 
  custom:audio-decoder-ogg-vorbis: bf7c407c2cedff20999df2af8eb42d56 -> 
========================================================================
Received Import Request.
  Time since last request: 210.080550 seconds.
  path: Assets/Scenes/Enemy/Prefabs/Beany.prefab
  artifactKey: Guid(3d751f437f9d0bd4f95fca499dff5adb) Importer(815301076,1909f56bfc062723c751e8b465ee728b)
Start importing Assets/Scenes/Enemy/Prefabs/Beany.prefab using Guid(3d751f437f9d0bd4f95fca499dff5adb) Importer(815301076,1909f56bfc062723c751e8b465ee728b)  -> (artifact id: 'b4c1253f18ca680aefadb79544d80f5a') in 0.673652 seconds 
========================================================================
Received Import Request.
  Time since last request: 0.000043 seconds.
  path: Assets/Scenes/Enemy/Prefabs/Tornado.prefab
  artifactKey: Guid(61e325e548e07144b9bbc5de4b2dafac) Importer(815301076,1909f56bfc062723c751e8b465ee728b)
Start importing Assets/Scenes/Enemy/Prefabs/Tornado.prefab using Guid(61e325e548e07144b9bbc5de4b2dafac) Importer(815301076,1909f56bfc062723c751e8b465ee728b)  -> (artifact id: '8ff8d4d625a193cc977bb3b097080e8d') in 0.376316 seconds 
========================================================================
Received Import Request.
  Time since last request: 0.000054 seconds.
  path: Assets/Scenes/Enemy/Prefabs/FlyMouth.prefab
  artifactKey: Guid(b774d02900feadc468c2abddd3d9a972) Importer(815301076,1909f56bfc062723c751e8b465ee728b)
Start importing Assets/Scenes/Enemy/Prefabs/FlyMouth.prefab using Guid(b774d02900feadc468c2abddd3d9a972) Importer(815301076,1909f56bfc062723c751e8b465ee728b)  -> (artifact id: '10355c49ef84dc0dbddd9d3fee4de4db') in 0.324326 seconds 
========================================================================
Received Import Request.
  Time since last request: 0.000043 seconds.
  path: Assets/Scenes/Enemy/Prefabs/Mooshi.prefab
  artifactKey: Guid(938daef3968ddc349ab1a0547298333c) Importer(815301076,1909f56bfc062723c751e8b465ee728b)
Start importing Assets/Scenes/Enemy/Prefabs/Mooshi.prefab using Guid(938daef3968ddc349ab1a0547298333c) Importer(815301076,1909f56bfc062723c751e8b465ee728b)  -> (artifact id: '908417726f24f60909863c7a58194817') in 0.339965 seconds 
========================================================================
Received Import Request.
  Time since last request: 0.000050 seconds.
  path: Assets/Scenes/Enemy/Prefabs/Kiwi.prefab
  artifactKey: Guid(1bfae951c937a2d44acd2cc6aa1fda4e) Importer(815301076,1909f56bfc062723c751e8b465ee728b)
Start importing Assets/Scenes/Enemy/Prefabs/Kiwi.prefab using Guid(1bfae951c937a2d44acd2cc6aa1fda4e) Importer(815301076,1909f56bfc062723c751e8b465ee728b)  -> (artifact id: '5b9b475b4583e6c24edff64cc1fe1579') in 0.330551 seconds 
========================================================================
Received Import Request.
  Time since last request: 6.351457 seconds.
  path: Assets/Scenes/Enemy/Sprites/Bean/Слой 3.png
  artifactKey: Guid(15915bbd0f0a9274980f56a9b6f81e7d) Importer(815301076,1909f56bfc062723c751e8b465ee728b)
Start importing Assets/Scenes/Enemy/Sprites/Bean/Слой 3.png using Guid(15915bbd0f0a9274980f56a9b6f81e7d) Importer(815301076,1909f56bfc062723c751e8b465ee728b)  -> (artifact id: '952b1fe57eb52c9a82d8973ba3785bea') in 0.042533 seconds 
========================================================================
Received Import Request.
  Time since last request: 130.824761 seconds.
  path: Assets/Scenes/UI/Scripts/LightGlow.cs
  artifactKey: Guid(ed3792f401aa9ab438a45c32e79990d3) Importer(815301076,1909f56bfc062723c751e8b465ee728b)
Start importing Assets/Scenes/UI/Scripts/LightGlow.cs using Guid(ed3792f401aa9ab438a45c32e79990d3) Importer(815301076,1909f56bfc062723c751e8b465ee728b)  -> (artifact id: 'c3575294d06a0c9221217af1f6feba7c') in 0.016398 seconds 
========================================================================
Received Prepare
Registering precompiled user dll's ...
Registered in 0.010778 seconds.
Begin MonoManager ReloadAssembly
Symbol file LoadedFromMemory doesn't match image C:\Users\maksi\Game\Psyco\Library\PackageCache\com.unity.visualscripting@1.7.8\Editor\VisualScripting.Core\Dependencies\YamlDotNet\Unity.VisualScripting.YamlDotNet.dll
Symbol file LoadedFromMemory doesn't match image C:\Users\maksi\Game\Psyco\Library\PackageCache\com.unity.visualscripting@1.7.8\Editor\VisualScripting.Core\Dependencies\DotNetZip\Unity.VisualScripting.IonicZip.dll
Native extension for WindowsStandalone target not found
Native extension for WebGL target not found
Refreshing native plugins compatible for Editor in 2.31 ms, found 4 plugins.
Preloading 0 native plugins for Editor in 0.00 ms.
System.Exception: Error! Visual Scripting: couldn't find visual scripting package
  at Unity.VisualScripting.PackageVersionUtility.get_version () [0x00043] in C:\Users\maksi\Game\Psyco\Library\PackageCache\com.unity.visualscripting@1.7.8\Editor\VisualScripting.Core\Utilities\PackageVersionUtility.cs:31 
  at Unity.VisualScripting.BoltCoreManifest.get_version () [0x00000] in C:\Users\maksi\Game\Psyco\Library\PackageCache\com.unity.visualscripting@1.7.8\Editor\VisualScripting.Core\Plugin\BoltCoreManifest.cs:11 
  at Unity.VisualScripting.PluginManifest.get_currentVersion () [0x00000] in C:\Users\maksi\Game\Psyco\Library\PackageCache\com.unity.visualscripting@1.7.8\Editor\VisualScripting.Core\Plugins\PluginManifest.cs:33 
  at Unity.VisualScripting.PluginManifest.get_versionMismatch () [0x00000] in C:\Users\maksi\Game\Psyco\Library\PackageCache\com.unity.visualscripting@1.7.8\Editor\VisualScripting.Core\Plugins\PluginManifest.cs:48 
  at Unity.VisualScripting.PluginContainer.Initialize () [0x00525] in C:\Users\maksi\Game\Psyco\Library\PackageCache\com.unity.visualscripting@1.7.8\Editor\VisualScripting.Core\Plugins\PluginContainer.cs:208 
  at Unity.VisualScripting.PluginContainer.InitializeOnLoad () [0x00009] in C:\Users\maksi\Game\Psyco\Library\PackageCache\com.unity.visualscripting@1.7.8\Editor\VisualScripting.Core\Plugins\PluginContainer.cs:32 
  at Unity.VisualScripting.VSUsageUtility.DoInitializeOnLoadCalls () [0x00034] in C:\Users\maksi\Game\Psyco\Library\PackageCache\com.unity.visualscripting@1.7.8\Editor\VisualScripting.Core\Utilities\VSUsageUtility.cs:76 
  at Unity.VisualScripting.VSUsageUtility.set_isVisualScriptingUsed (System.Boolean value) [0x0002c] in C:\Users\maksi\Game\Psyco\Library\PackageCache\com.unity.visualscripting@1.7.8\Editor\VisualScripting.Core\Utilities\VSUsageUtility.cs:114 
  at Unity.VisualScripting.VSUsageUtility.CheckAndSetIsVisualScriptingUsed () [0x0000d] in C:\Users\maksi\Game\Psyco\Library\PackageCache\com.unity.visualscripting@1.7.8\Editor\VisualScripting.Core\Utilities\VSUsageUtility.cs:33 
  at Unity.VisualScripting.VSUsageUtility..cctor () [0x00000] in C:\Users\maksi\Game\Psyco\Library\PackageCache\com.unity.visualscripting@1.7.8\Editor\VisualScripting.Core\Utilities\VSUsageUtility.cs:22 
UnityEngine.StackTraceUtility:ExtractStackTrace ()
UnityEngine.DebugLogHandler:LogFormat (UnityEngine.LogType,UnityEngine.Object,string,object[])
UnityEngine.Logger:Log (UnityEngine.LogType,object)
UnityEngine.Debug:LogError (object)
UnityEditor.EditorAssemblies:ProcessInitializeOnLoadAttributes (System.Type[])

Mono: successfully reloaded assembly
- Completed reload, in  2.307 seconds
Domain Reload Profiling:
	ReloadAssembly (2309ms)
		BeginReloadAssembly (248ms)
			ExecutionOrderSort (0ms)
			DisableScriptedObjects (14ms)
			BackupInstance (0ms)
			ReleaseScriptingObjects (0ms)
			CreateAndSetChildDomain (84ms)
		EndReloadAssembly (1902ms)
			LoadAssemblies (130ms)
			RebuildTransferFunctionScriptingTraits (0ms)
			SetupTypeCache (407ms)
			ReleaseScriptCaches (3ms)
			RebuildScriptCaches (95ms)
			SetupLoadedEditorAssemblies (877ms)
				LogAssemblyErrors (0ms)
				InitializePlatformSupportModulesInManaged (17ms)
				SetLoadedEditorAssemblies (1ms)
				RefreshPlugins (2ms)
				BeforeProcessingInitializeOnLoad (127ms)
				ProcessInitializeOnLoadAttributes (615ms)
				ProcessInitializeOnLoadMethodAttributes (103ms)
				AfterProcessingInitializeOnLoad (11ms)
				EditorAssembliesLoaded (0ms)
			ExecutionOrderSort2 (0ms)
			AwakeInstancesAfterBackupRestoration (13ms)
Platform modules already initialized, skipping
Refreshing native plugins compatible for Editor in 3.72 ms, found 4 plugins.
Preloading 0 native plugins for Editor in 0.00 ms.
Unloading 6533 Unused Serialized files (Serialized files now loaded: 0)
Unloading 45 unused Assets / (2.7 MB). Loaded Objects now: 7390.
Memory consumption went from 361.0 MB to 358.3 MB.
Total: 21.046400 ms (FindLiveObjects: 0.611000 ms CreateObjectMapping: 0.182700 ms MarkObjects: 18.944400 ms  DeleteObjects: 1.306300 ms)

AssetImportParameters requested are different than current active one (requested -> active):
  custom:video-decoder-ogg-theora: a1e56fd34408186e4bbccfd4996cb3dc -> 
  custom:container-muxer-webm: aa71ff27fc2769a1b78a27578f13a17b -> 
  custom:container-demuxer-webm: 4f35f7cbe854078d1ac9338744f61a02 -> 
  custom:video-encoder-webm-vp8: eb34c28f22e8b96e1ab97ce403110664 -> 
  custom:audio-encoder-webm-vorbis: bf7c407c2cedff20999df2af8eb42d56 -> 
  custom:framework-win-MediaFoundation: 216162199b28c13a410421893ffa2e32 -> 
  custom:container-demuxer-ogg: 62fdf1f143b41e24485cea50d1cbac27 -> 
  custom:video-decoder-webm-vp8: 9c59270c3fd7afecdb556c50c9e8de78 -> 
  custom:audio-decoder-ogg-vorbis: bf7c407c2cedff20999df2af8eb42d56 -> 
========================================================================
Received Prepare
Registering precompiled user dll's ...
Registered in 0.009222 seconds.
Begin MonoManager ReloadAssembly
Symbol file LoadedFromMemory doesn't match image C:\Users\maksi\Game\Psyco\Library\PackageCache\com.unity.visualscripting@1.7.8\Editor\VisualScripting.Core\Dependencies\YamlDotNet\Unity.VisualScripting.YamlDotNet.dll
Symbol file LoadedFromMemory doesn't match image C:\Users\maksi\Game\Psyco\Library\PackageCache\com.unity.visualscripting@1.7.8\Editor\VisualScripting.Core\Dependencies\DotNetZip\Unity.VisualScripting.IonicZip.dll
Native extension for WindowsStandalone target not found
Native extension for WebGL target not found
Refreshing native plugins compatible for Editor in 2.18 ms, found 4 plugins.
Preloading 0 native plugins for Editor in 0.00 ms.
System.Exception: Error! Visual Scripting: couldn't find visual scripting package
  at Unity.VisualScripting.PackageVersionUtility.get_version () [0x00043] in C:\Users\maksi\Game\Psyco\Library\PackageCache\com.unity.visualscripting@1.7.8\Editor\VisualScripting.Core\Utilities\PackageVersionUtility.cs:31 
  at Unity.VisualScripting.BoltCoreManifest.get_version () [0x00000] in C:\Users\maksi\Game\Psyco\Library\PackageCache\com.unity.visualscripting@1.7.8\Editor\VisualScripting.Core\Plugin\BoltCoreManifest.cs:11 
  at Unity.VisualScripting.PluginManifest.get_currentVersion () [0x00000] in C:\Users\maksi\Game\Psyco\Library\PackageCache\com.unity.visualscripting@1.7.8\Editor\VisualScripting.Core\Plugins\PluginManifest.cs:33 
  at Unity.VisualScripting.PluginManifest.get_versionMismatch () [0x00000] in C:\Users\maksi\Game\Psyco\Library\PackageCache\com.unity.visualscripting@1.7.8\Editor\VisualScripting.Core\Plugins\PluginManifest.cs:48 
  at Unity.VisualScripting.PluginContainer.Initialize () [0x00525] in C:\Users\maksi\Game\Psyco\Library\PackageCache\com.unity.visualscripting@1.7.8\Editor\VisualScripting.Core\Plugins\PluginContainer.cs:208 
  at Unity.VisualScripting.PluginContainer.InitializeOnLoad () [0x00009] in C:\Users\maksi\Game\Psyco\Library\PackageCache\com.unity.visualscripting@1.7.8\Editor\VisualScripting.Core\Plugins\PluginContainer.cs:32 
  at Unity.VisualScripting.VSUsageUtility.DoInitializeOnLoadCalls () [0x00034] in C:\Users\maksi\Game\Psyco\Library\PackageCache\com.unity.visualscripting@1.7.8\Editor\VisualScripting.Core\Utilities\VSUsageUtility.cs:76 
  at Unity.VisualScripting.VSUsageUtility.set_isVisualScriptingUsed (System.Boolean value) [0x0002c] in C:\Users\maksi\Game\Psyco\Library\PackageCache\com.unity.visualscripting@1.7.8\Editor\VisualScripting.Core\Utilities\VSUsageUtility.cs:114 
  at Unity.VisualScripting.VSUsageUtility.CheckAndSetIsVisualScriptingUsed () [0x0000d] in C:\Users\maksi\Game\Psyco\Library\PackageCache\com.unity.visualscripting@1.7.8\Editor\VisualScripting.Core\Utilities\VSUsageUtility.cs:33 
  at Unity.VisualScripting.VSUsageUtility..cctor () [0x00000] in C:\Users\maksi\Game\Psyco\Library\PackageCache\com.unity.visualscripting@1.7.8\Editor\VisualScripting.Core\Utilities\VSUsageUtility.cs:22 
UnityEngine.StackTraceUtility:ExtractStackTrace ()
UnityEngine.DebugLogHandler:LogFormat (UnityEngine.LogType,UnityEngine.Object,string,object[])
UnityEngine.Logger:Log (UnityEngine.LogType,object)
UnityEngine.Debug:LogError (object)
UnityEditor.EditorAssemblies:ProcessInitializeOnLoadAttributes (System.Type[])

Mono: successfully reloaded assembly
- Completed reload, in  2.356 seconds
Domain Reload Profiling:
	ReloadAssembly (2356ms)
		BeginReloadAssembly (233ms)
			ExecutionOrderSort (0ms)
			DisableScriptedObjects (11ms)
			BackupInstance (0ms)
			ReleaseScriptingObjects (0ms)
			CreateAndSetChildDomain (82ms)
		EndReloadAssembly (1959ms)
			LoadAssemblies (129ms)
			RebuildTransferFunctionScriptingTraits (0ms)
			SetupTypeCache (407ms)
			ReleaseScriptCaches (3ms)
			RebuildScriptCaches (114ms)
			SetupLoadedEditorAssemblies (860ms)
				LogAssemblyErrors (0ms)
				InitializePlatformSupportModulesInManaged (17ms)
				SetLoadedEditorAssemblies (1ms)
				RefreshPlugins (2ms)
				BeforeProcessingInitializeOnLoad (148ms)
				ProcessInitializeOnLoadAttributes (586ms)
				ProcessInitializeOnLoadMethodAttributes (97ms)
				AfterProcessingInitializeOnLoad (9ms)
				EditorAssembliesLoaded (0ms)
			ExecutionOrderSort2 (0ms)
			AwakeInstancesAfterBackupRestoration (11ms)
Platform modules already initialized, skipping
Refreshing native plugins compatible for Editor in 5.23 ms, found 4 plugins.
Preloading 0 native plugins for Editor in 0.00 ms.
Unloading 6533 Unused Serialized files (Serialized files now loaded: 0)
Unloading 44 unused Assets / (2.7 MB). Loaded Objects now: 7406.
Memory consumption went from 360.9 MB to 358.2 MB.
Total: 16.885500 ms (FindLiveObjects: 0.601200 ms CreateObjectMapping: 0.176500 ms MarkObjects: 15.395100 ms  DeleteObjects: 0.711300 ms)

AssetImportParameters requested are different than current active one (requested -> active):
  custom:video-decoder-ogg-theora: a1e56fd34408186e4bbccfd4996cb3dc -> 
  custom:container-muxer-webm: aa71ff27fc2769a1b78a27578f13a17b -> 
  custom:container-demuxer-webm: 4f35f7cbe854078d1ac9338744f61a02 -> 
  custom:video-encoder-webm-vp8: eb34c28f22e8b96e1ab97ce403110664 -> 
  custom:audio-encoder-webm-vorbis: bf7c407c2cedff20999df2af8eb42d56 -> 
  custom:framework-win-MediaFoundation: 216162199b28c13a410421893ffa2e32 -> 
  custom:container-demuxer-ogg: 62fdf1f143b41e24485cea50d1cbac27 -> 
  custom:video-decoder-webm-vp8: 9c59270c3fd7afecdb556c50c9e8de78 -> 
  custom:audio-decoder-ogg-vorbis: bf7c407c2cedff20999df2af8eb42d56 -> 
========================================================================
Received Prepare
Registering precompiled user dll's ...
Registered in 0.008943 seconds.
Begin MonoManager ReloadAssembly
Symbol file LoadedFromMemory doesn't match image C:\Users\maksi\Game\Psyco\Library\PackageCache\com.unity.visualscripting@1.7.8\Editor\VisualScripting.Core\Dependencies\YamlDotNet\Unity.VisualScripting.YamlDotNet.dll
Symbol file LoadedFromMemory doesn't match image C:\Users\maksi\Game\Psyco\Library\PackageCache\com.unity.visualscripting@1.7.8\Editor\VisualScripting.Core\Dependencies\DotNetZip\Unity.VisualScripting.IonicZip.dll
Native extension for WindowsStandalone target not found
Native extension for WebGL target not found
Refreshing native plugins compatible for Editor in 1.77 ms, found 4 plugins.
Preloading 0 native plugins for Editor in 0.00 ms.
System.Exception: Error! Visual Scripting: couldn't find visual scripting package
  at Unity.VisualScripting.PackageVersionUtility.get_version () [0x00043] in C:\Users\maksi\Game\Psyco\Library\PackageCache\com.unity.visualscripting@1.7.8\Editor\VisualScripting.Core\Utilities\PackageVersionUtility.cs:31 
  at Unity.VisualScripting.BoltCoreManifest.get_version () [0x00000] in C:\Users\maksi\Game\Psyco\Library\PackageCache\com.unity.visualscripting@1.7.8\Editor\VisualScripting.Core\Plugin\BoltCoreManifest.cs:11 
  at Unity.VisualScripting.PluginManifest.get_currentVersion () [0x00000] in C:\Users\maksi\Game\Psyco\Library\PackageCache\com.unity.visualscripting@1.7.8\Editor\VisualScripting.Core\Plugins\PluginManifest.cs:33 
  at Unity.VisualScripting.PluginManifest.get_versionMismatch () [0x00000] in C:\Users\maksi\Game\Psyco\Library\PackageCache\com.unity.visualscripting@1.7.8\Editor\VisualScripting.Core\Plugins\PluginManifest.cs:48 
  at Unity.VisualScripting.PluginContainer.Initialize () [0x00525] in C:\Users\maksi\Game\Psyco\Library\PackageCache\com.unity.visualscripting@1.7.8\Editor\VisualScripting.Core\Plugins\PluginContainer.cs:208 
  at Unity.VisualScripting.PluginContainer.InitializeOnLoad () [0x00009] in C:\Users\maksi\Game\Psyco\Library\PackageCache\com.unity.visualscripting@1.7.8\Editor\VisualScripting.Core\Plugins\PluginContainer.cs:32 
  at Unity.VisualScripting.VSUsageUtility.DoInitializeOnLoadCalls () [0x00034] in C:\Users\maksi\Game\Psyco\Library\PackageCache\com.unity.visualscripting@1.7.8\Editor\VisualScripting.Core\Utilities\VSUsageUtility.cs:76 
  at Unity.VisualScripting.VSUsageUtility.set_isVisualScriptingUsed (System.Boolean value) [0x0002c] in C:\Users\maksi\Game\Psyco\Library\PackageCache\com.unity.visualscripting@1.7.8\Editor\VisualScripting.Core\Utilities\VSUsageUtility.cs:114 
  at Unity.VisualScripting.VSUsageUtility.CheckAndSetIsVisualScriptingUsed () [0x0000d] in C:\Users\maksi\Game\Psyco\Library\PackageCache\com.unity.visualscripting@1.7.8\Editor\VisualScripting.Core\Utilities\VSUsageUtility.cs:33 
  at Unity.VisualScripting.VSUsageUtility..cctor () [0x00000] in C:\Users\maksi\Game\Psyco\Library\PackageCache\com.unity.visualscripting@1.7.8\Editor\VisualScripting.Core\Utilities\VSUsageUtility.cs:22 
UnityEngine.StackTraceUtility:ExtractStackTrace ()
UnityEngine.DebugLogHandler:LogFormat (UnityEngine.LogType,UnityEngine.Object,string,object[])
UnityEngine.Logger:Log (UnityEngine.LogType,object)
UnityEngine.Debug:LogError (object)
UnityEditor.EditorAssemblies:ProcessInitializeOnLoadAttributes (System.Type[])

Mono: successfully reloaded assembly
- Completed reload, in  2.185 seconds
Domain Reload Profiling:
	ReloadAssembly (2186ms)
		BeginReloadAssembly (204ms)
			ExecutionOrderSort (0ms)
			DisableScriptedObjects (10ms)
			BackupInstance (0ms)
			ReleaseScriptingObjects (0ms)
			CreateAndSetChildDomain (60ms)
		EndReloadAssembly (1825ms)
			LoadAssemblies (136ms)
			RebuildTransferFunctionScriptingTraits (0ms)
			SetupTypeCache (409ms)
			ReleaseScriptCaches (3ms)
			RebuildScriptCaches (92ms)
			SetupLoadedEditorAssemblies (855ms)
				LogAssemblyErrors (0ms)
				InitializePlatformSupportModulesInManaged (16ms)
				SetLoadedEditorAssemblies (1ms)
				RefreshPlugins (2ms)
				BeforeProcessingInitializeOnLoad (136ms)
				ProcessInitializeOnLoadAttributes (588ms)
				ProcessInitializeOnLoadMethodAttributes (102ms)
				AfterProcessingInitializeOnLoad (10ms)
				EditorAssembliesLoaded (0ms)
			ExecutionOrderSort2 (0ms)
			AwakeInstancesAfterBackupRestoration (12ms)
Platform modules already initialized, skipping
Refreshing native plugins compatible for Editor in 3.78 ms, found 4 plugins.
Preloading 0 native plugins for Editor in 0.00 ms.
Unloading 6533 Unused Serialized files (Serialized files now loaded: 0)
Unloading 44 unused Assets / (2.7 MB). Loaded Objects now: 7422.
Memory consumption went from 360.9 MB to 358.2 MB.
Total: 16.744800 ms (FindLiveObjects: 0.616500 ms CreateObjectMapping: 0.200600 ms MarkObjects: 15.188000 ms  DeleteObjects: 0.738300 ms)

AssetImportParameters requested are different than current active one (requested -> active):
  custom:video-decoder-ogg-theora: a1e56fd34408186e4bbccfd4996cb3dc -> 
  custom:container-muxer-webm: aa71ff27fc2769a1b78a27578f13a17b -> 
  custom:container-demuxer-webm: 4f35f7cbe854078d1ac9338744f61a02 -> 
  custom:video-encoder-webm-vp8: eb34c28f22e8b96e1ab97ce403110664 -> 
  custom:audio-encoder-webm-vorbis: bf7c407c2cedff20999df2af8eb42d56 -> 
  custom:framework-win-MediaFoundation: 216162199b28c13a410421893ffa2e32 -> 
  custom:container-demuxer-ogg: 62fdf1f143b41e24485cea50d1cbac27 -> 
  custom:video-decoder-webm-vp8: 9c59270c3fd7afecdb556c50c9e8de78 -> 
  custom:audio-decoder-ogg-vorbis: bf7c407c2cedff20999df2af8eb42d56 -> 
========================================================================
Received Prepare
Registering precompiled user dll's ...
Registered in 0.009699 seconds.
Begin MonoManager ReloadAssembly
Symbol file LoadedFromMemory doesn't match image C:\Users\maksi\Game\Psyco\Library\PackageCache\com.unity.visualscripting@1.7.8\Editor\VisualScripting.Core\Dependencies\YamlDotNet\Unity.VisualScripting.YamlDotNet.dll
Symbol file LoadedFromMemory doesn't match image C:\Users\maksi\Game\Psyco\Library\PackageCache\com.unity.visualscripting@1.7.8\Editor\VisualScripting.Core\Dependencies\DotNetZip\Unity.VisualScripting.IonicZip.dll
Native extension for WindowsStandalone target not found
Native extension for WebGL target not found
Refreshing native plugins compatible for Editor in 3.34 ms, found 4 plugins.
Preloading 0 native plugins for Editor in 0.00 ms.
System.Exception: Error! Visual Scripting: couldn't find visual scripting package
  at Unity.VisualScripting.PackageVersionUtility.get_version () [0x00043] in C:\Users\maksi\Game\Psyco\Library\PackageCache\com.unity.visualscripting@1.7.8\Editor\VisualScripting.Core\Utilities\PackageVersionUtility.cs:31 
  at Unity.VisualScripting.BoltCoreManifest.get_version () [0x00000] in C:\Users\maksi\Game\Psyco\Library\PackageCache\com.unity.visualscripting@1.7.8\Editor\VisualScripting.Core\Plugin\BoltCoreManifest.cs:11 
  at Unity.VisualScripting.PluginManifest.get_currentVersion () [0x00000] in C:\Users\maksi\Game\Psyco\Library\PackageCache\com.unity.visualscripting@1.7.8\Editor\VisualScripting.Core\Plugins\PluginManifest.cs:33 
  at Unity.VisualScripting.PluginManifest.get_versionMismatch () [0x00000] in C:\Users\maksi\Game\Psyco\Library\PackageCache\com.unity.visualscripting@1.7.8\Editor\VisualScripting.Core\Plugins\PluginManifest.cs:48 
  at Unity.VisualScripting.PluginContainer.Initialize () [0x00525] in C:\Users\maksi\Game\Psyco\Library\PackageCache\com.unity.visualscripting@1.7.8\Editor\VisualScripting.Core\Plugins\PluginContainer.cs:208 
  at Unity.VisualScripting.PluginContainer.InitializeOnLoad () [0x00009] in C:\Users\maksi\Game\Psyco\Library\PackageCache\com.unity.visualscripting@1.7.8\Editor\VisualScripting.Core\Plugins\PluginContainer.cs:32 
  at Unity.VisualScripting.VSUsageUtility.DoInitializeOnLoadCalls () [0x00034] in C:\Users\maksi\Game\Psyco\Library\PackageCache\com.unity.visualscripting@1.7.8\Editor\VisualScripting.Core\Utilities\VSUsageUtility.cs:76 
  at Unity.VisualScripting.VSUsageUtility.set_isVisualScriptingUsed (System.Boolean value) [0x0002c] in C:\Users\maksi\Game\Psyco\Library\PackageCache\com.unity.visualscripting@1.7.8\Editor\VisualScripting.Core\Utilities\VSUsageUtility.cs:114 
  at Unity.VisualScripting.VSUsageUtility.CheckAndSetIsVisualScriptingUsed () [0x0000d] in C:\Users\maksi\Game\Psyco\Library\PackageCache\com.unity.visualscripting@1.7.8\Editor\VisualScripting.Core\Utilities\VSUsageUtility.cs:33 
  at Unity.VisualScripting.VSUsageUtility..cctor () [0x00000] in C:\Users\maksi\Game\Psyco\Library\PackageCache\com.unity.visualscripting@1.7.8\Editor\VisualScripting.Core\Utilities\VSUsageUtility.cs:22 
UnityEngine.StackTraceUtility:ExtractStackTrace ()
UnityEngine.DebugLogHandler:LogFormat (UnityEngine.LogType,UnityEngine.Object,string,object[])
UnityEngine.Logger:Log (UnityEngine.LogType,object)
UnityEngine.Debug:LogError (object)
UnityEditor.EditorAssemblies:ProcessInitializeOnLoadAttributes (System.Type[])

Mono: successfully reloaded assembly
- Completed reload, in  2.213 seconds
Domain Reload Profiling:
	ReloadAssembly (2213ms)
		BeginReloadAssembly (181ms)
			ExecutionOrderSort (0ms)
			DisableScriptedObjects (8ms)
			BackupInstance (0ms)
			ReleaseScriptingObjects (0ms)
			CreateAndSetChildDomain (56ms)
		EndReloadAssembly (1904ms)
			LoadAssemblies (117ms)
			RebuildTransferFunctionScriptingTraits (0ms)
			SetupTypeCache (360ms)
			ReleaseScriptCaches (3ms)
			RebuildScriptCaches (87ms)
			SetupLoadedEditorAssemblies (959ms)
				LogAssemblyErrors (0ms)
				InitializePlatformSupportModulesInManaged (20ms)
				SetLoadedEditorAssemblies (1ms)
				RefreshPlugins (3ms)
				BeforeProcessingInitializeOnLoad (151ms)
				ProcessInitializeOnLoadAttributes (674ms)
				ProcessInitializeOnLoadMethodAttributes (99ms)
				AfterProcessingInitializeOnLoad (10ms)
				EditorAssembliesLoaded (0ms)
			ExecutionOrderSort2 (0ms)
			AwakeInstancesAfterBackupRestoration (12ms)
Platform modules already initialized, skipping
Refreshing native plugins compatible for Editor in 4.90 ms, found 4 plugins.
Preloading 0 native plugins for Editor in 0.00 ms.
Unloading 6533 Unused Serialized files (Serialized files now loaded: 0)
Unloading 44 unused Assets / (2.7 MB). Loaded Objects now: 7438.
Memory consumption went from 360.9 MB to 358.3 MB.
Total: 16.901800 ms (FindLiveObjects: 0.575100 ms CreateObjectMapping: 0.174400 ms MarkObjects: 15.162300 ms  DeleteObjects: 0.988200 ms)

AssetImportParameters requested are different than current active one (requested -> active):
  custom:video-decoder-ogg-theora: a1e56fd34408186e4bbccfd4996cb3dc -> 
  custom:container-muxer-webm: aa71ff27fc2769a1b78a27578f13a17b -> 
  custom:container-demuxer-webm: 4f35f7cbe854078d1ac9338744f61a02 -> 
  custom:video-encoder-webm-vp8: eb34c28f22e8b96e1ab97ce403110664 -> 
  custom:audio-encoder-webm-vorbis: bf7c407c2cedff20999df2af8eb42d56 -> 
  custom:framework-win-MediaFoundation: 216162199b28c13a410421893ffa2e32 -> 
  custom:container-demuxer-ogg: 62fdf1f143b41e24485cea50d1cbac27 -> 
  custom:video-decoder-webm-vp8: 9c59270c3fd7afecdb556c50c9e8de78 -> 
  custom:audio-decoder-ogg-vorbis: bf7c407c2cedff20999df2af8eb42d56 -> 
